18-03 14:35:48 | Arguments: Namespace(task='svamp', use_icl_examples=False, num_icl_examples=1, num_of_samples=50, iterations=20, number_of_mutations=1, seed=0, mutate_population=True, patience=5)
18-03 14:35:48 | Evaluation of the initial population
 18-03 15:39:42 | Population: Let's think step by step with fitness 0.54
18-03 15:39:42 | Population: Let's first understand the problem and devise a plan to solve the problem. Then, let's carry out the plan and solve the problem step by step with fitness 0.42
18-03 15:39:42 | Population: Let's first understand the problem, extract relevant variables and their corresponding numerals, and make a complete plan. Then, let's carry out the plan, calculate intermediate variables (pay attention to correct numerical calculation and commonsense), solve the problem step by step, and show the answer with fitness 0.6
18-03 15:39:42 | Population: Let's work this out in a step by step way to be sure we have the right answer with fitness 0.5
18-03 15:39:42 | Population: Take a deep breath and work on this problem step-by-step with fitness 0.42
18-03 15:39:42 | Population: Break this down with fitness 0.52
18-03 15:39:42 | Population: A little bit of arithmetic and a logical approach will help us quickly arrive at the solution to this problem with fitness 0.3
18-03 15:39:42 | Population: Let's combine our numerical command and clear thinking to quickly and accurately decipher the answer with fitness 0.3
18-03 15:39:42 | Population: Let's be very precise and accurate in our calculations with fitness 0.56
18-03 15:39:42 | Population: Let's create a simplified version of the problem to gain insights and test potential solutions with fitness 0.26
18-03 15:39:42 | Population: Embark on a journey to derive the solution to this problem with fitness 0.46
18-03 15:39:42 | Population: Compute the solution with a calculated, stepwise approach with fitness 0.5
18-03 15:39:42 | Population: Let's be very precise and accurate in our calculations with fitness 0.56
18-03 15:39:42 | Population: Our approach will be to methodically work through the problem, ensuring accuracy at each step to derive the correct answer with fitness 0.46
18-03 15:39:42 | Population: Slow down, let's break this down into manageable steps with fitness 0.54
18-03 15:39:42 | Population: Inhale deeply, exhale slowly, and embark on this problem-solving journey with a step-by-step mindset with fitness 0.38
18-03 15:39:42 | Genetic Algorithms starts
18-03 15:44:12 | Generation 1 Crossover: "Inhale deeply, and then tackle the problem using a calculated, stepwise approach to find the solution" | Fitness: 0.4
18-03 15:47:14 | Generation 1 Mutation: "Pursue succinct and rapid calculations" | Fitness: 0.22
18-03 15:47:14 | Generation 1: Best prompt: "Let's first understand the problem, extract relevant variables and their corresponding numerals, and make a complete plan. Then, let's carry out the plan, calculate intermediate variables (pay attention to correct numerical calculation and commonsense), solve the problem step by step, and show the answer" | Fitness 0.6
18-03 15:52:36 | Generation 2 Crossover: "Inhale deeply, exhale slowly, and embark on a step-by-step journey to break down this problem-solving process" | Fitness: 0.3
18-03 15:56:51 | Generation 2 Mutation: "Our strategy involves dissecting the problem into its constituent elements, meticulously examining each element, and employing logical reasoning to reach the correct conclusion" | Fitness: 0.46
18-03 15:56:51 | Generation 2: Best prompt: "Let's first understand the problem, extract relevant variables and their corresponding numerals, and make a complete plan. Then, let's carry out the plan, calculate intermediate variables (pay attention to correct numerical calculation and commonsense), solve the problem step by step, and show the answer" | Fitness 0.6
18-03 16:01:11 | Generation 3 Crossover: "Breathe deeply, break down the problem into its core components, and tackle it methodically, thoroughly analyzing each part while applying logical reasoning to arrive at the correct conclusion" | Fitness: 0.4
18-03 16:08:09 | Generation 3 Mutation: "Inhale deeply, recognize the essential elements of the challenge, and address it in a step-by-step manner, scrutinizing each portion while utilizing logical reasoning to attain a precise determination" | Fitness: 0.54
18-03 16:08:09 | Generation 3 Mutation: "Accomplish rapid and tactical computations, and reveal the solution" | Fitness: 0.32
18-03 16:08:09 | Generation 3: Best prompt: "Let's first understand the problem, extract relevant variables and their corresponding numerals, and make a complete plan. Then, let's carry out the plan, calculate intermediate variables (pay attention to correct numerical calculation and commonsense), solve the problem step by step, and show the answer" | Fitness 0.6
18-03 16:12:27 | Generation 4 Crossover: "Breathe deeply, methodically work through the problem, ensuring accuracy at each step, and break down the problem into its core components. Apply logical reasoning to each part, thoroughly analyze, and tackle it systematically to arrive at the correct conclusion and derive the correct answer" | Fitness: 0.4
18-03 16:16:36 | Generation 4 Mutation: "Let's strive for precision and accuracy in our calculations, and break it down step by step" | Fitness: 0.64
18-03 16:16:36 | Generation 4: Best prompt: "Let's strive for precision and accuracy in our calculations, and break it down step by step" | Fitness 0.64
18-03 16:20:19 | Generation 5 Crossover: "Embark on a journey to rapidly derive succinct calculations" | Fitness: 0.3
18-03 16:28:34 | Generation 5 Mutation: "Seek an efficient approach to swiftly and accurately execute calculations, driven by the need for clarity and logical consistency" | Fitness: 0.38
18-03 16:28:34 | Generation 5 Mutation: "In a high-pressure situation, let's break this down into manageable steps to think and act swiftly for optimal results" | Fitness: 0.56
18-03 16:28:34 | Generation 5: Best prompt: "Let's strive for precision and accuracy in our calculations, and break it down step by step" | Fitness 0.64
18-03 16:33:24 | Generation 6 Crossover: "By combining a logical approach with a bit of arithmetic, we can break down the problem into manageable steps, ultimately leading us to a quicker solution" | Fitness: 0.58
18-03 16:41:50 | Generation 6 Mutation: "By utilizing a logical framework and a dash of arithmetic, we can deconstruct the problem into smaller, solvable segments, thereby streamlining the problem-solving process" | Fitness: 0.46
18-03 16:41:50 | Generation 6 Mutation: "Formulate a systematic method to attain brief and expeditious computations" | Fitness: 0.48
18-03 16:41:50 | Generation 6: Best prompt: "Let's strive for precision and accuracy in our calculations, and break it down step by step" | Fitness 0.64
18-03 16:46:15 | Generation 7 Crossover: "Breathe deeply, methodically work through the problem, ensuring accuracy at each step, and break down the problem into its core components. Apply logical reasoning to each part, thoroughly analyze, and tackle it systematically to arrive at the correct conclusion and derive the correct answer" | Fitness: 0.4
18-03 16:50:29 | Generation 7 Mutation: "Let's be very precise and accurate in our calculations, as we meticulously analyze each step to guarantee a correct and thorough understanding of the problem at hand" | Fitness: 0.5
18-03 16:50:29 | Generation 7: Best prompt: "Let's strive for precision and accuracy in our calculations, and break it down step by step" | Fitness 0.64
18-03 16:54:26 | Generation 8 Crossover: "By employing swift arithmetic and logical reasoning, we can efficiently reach the solution to the problem" | Fitness: 0.3
18-03 16:58:21 | Generation 8 Mutation: "Our method is to swiftly and logically tackle the problem, ensuring accuracy at each stage to arrive at the correct solution" | Fitness: 0.4
18-03 16:58:21 | Generation 8: Best prompt: "Let's strive for precision and accuracy in our calculations, and break it down step by step" | Fitness 0.64
18-03 17:03:37 | Generation 9 Crossover: "In a high-pressure situation, let's break down the problem into manageable steps, ensuring we are very precise and accurate in our calculations. By meticulously analyzing each step, we can guarantee a correct and thorough understanding of the problem at hand, and act swiftly for optimal results" | Fitness: 0.52
18-03 17:07:26 | Generation 9 Mutation: "To tackle the problem, we must deconstruct it into its fundamental parts, thoroughly analyze each segment, and apply logical reasoning to reach the correct outcome; let's be very precise and accurate in our calculations" | Fitness: 0.48
18-03 17:07:26 | Generation 9: Best prompt: "Let's strive for precision and accuracy in our calculations, and break it down step by step" | Fitness 0.64
18-03 17:07:26 | Converged at generation 9 with best prompt: "Let's strive for precision and accuracy in our calculations, and break it down step by step" | Fitness 0.64
18-03 17:07:26 | The final population is: ["Let's think step by step", "Let's first understand the problem and devise a plan to solve the problem. Then, let's carry out the plan and solve the problem step by step", "Let's first understand the problem, extract relevant variables and their corresponding numerals, and make a complete plan. Then, let's carry out the plan, calculate intermediate variables (pay attention to correct numerical calculation and commonsense), solve the problem step by step, and show the answer", "Let's work this out in a step by step way to be sure we have the right answer", 'Take a deep breath and work on this problem step-by-step', 'Break this down', 'A little bit of arithmetic and a logical approach will help us quickly arrive at the solution to this problem', "Let's combine our numerical command and clear thinking to quickly and accurately decipher the answer", "Let's be very precise and accurate in our calculations", "Let's create a simplified version of the problem to gain insights and test potential solutions", 'Embark on a journey to derive the solution to this problem', 'Compute the solution with a calculated, stepwise approach', "Let's be very precise and accurate in our calculations", 'Our approach will be to methodically work through the problem, ensuring accuracy at each step to derive the correct answer', "Slow down, let's break this down into manageable steps", 'Inhale deeply, exhale slowly, and embark on this problem-solving journey with a step-by-step mindset', 'Inhale deeply, and then tackle the problem using a calculated, stepwise approach to find the solution', 'Pursue succinct and rapid calculations', 'Inhale deeply, exhale slowly, and embark on a step-by-step journey to break down this problem-solving process', 'Our strategy involves dissecting the problem into its constituent elements, meticulously examining each element, and employing logical reasoning to reach the correct conclusion', 'Breathe deeply, break down the problem into its core components, and tackle it methodically, thoroughly analyzing each part while applying logical reasoning to arrive at the correct conclusion', 'Inhale deeply, recognize the essential elements of the challenge, and address it in a step-by-step manner, scrutinizing each portion while utilizing logical reasoning to attain a precise determination', 'Accomplish rapid and tactical computations, and reveal the solution', 'Breathe deeply, methodically work through the problem, ensuring accuracy at each step, and break down the problem into its core components. Apply logical reasoning to each part, thoroughly analyze, and tackle it systematically to arrive at the correct conclusion and derive the correct answer', "Let's strive for precision and accuracy in our calculations, and break it down step by step", 'Embark on a journey to rapidly derive succinct calculations', 'Seek an efficient approach to swiftly and accurately execute calculations, driven by the need for clarity and logical consistency', "In a high-pressure situation, let's break this down into manageable steps to think and act swiftly for optimal results", 'By combining a logical approach with a bit of arithmetic, we can break down the problem into manageable steps, ultimately leading us to a quicker solution', 'By utilizing a logical framework and a dash of arithmetic, we can deconstruct the problem into smaller, solvable segments, thereby streamlining the problem-solving process', 'Formulate a systematic method to attain brief and expeditious computations', 'Breathe deeply, methodically work through the problem, ensuring accuracy at each step, and break down the problem into its core components. Apply logical reasoning to each part, thoroughly analyze, and tackle it systematically to arrive at the correct conclusion and derive the correct answer', "Let's be very precise and accurate in our calculations, as we meticulously analyze each step to guarantee a correct and thorough understanding of the problem at hand", 'By employing swift arithmetic and logical reasoning, we can efficiently reach the solution to the problem', 'Our method is to swiftly and logically tackle the problem, ensuring accuracy at each stage to arrive at the correct solution', "In a high-pressure situation, let's break down the problem into manageable steps, ensuring we are very precise and accurate in our calculations. By meticulously analyzing each step, we can guarantee a correct and thorough understanding of the problem at hand, and act swiftly for optimal results", "To tackle the problem, we must deconstruct it into its fundamental parts, thoroughly analyze each segment, and apply logical reasoning to reach the correct outcome; let's be very precise and accurate in our calculations"]
