25-03 14:56:14 | Arguments: Namespace(task='abs_nar', use_icl_examples=False, num_icl_examples=1, num_of_samples=35, iterations=20, number_of_mutations=1, seed=0, mutate_population=True, patience=5)
25-03 14:56:14 | Evaluation of the initial population
25-03 15:51:36 | Population: Let's think step by step with fitness 0.5142857142857142
25-03 15:51:36 | Population: Let's devise a plan and solve the problem step by step with fitness 0.37142857142857144
25-03 15:51:36 | Population: Let's first prepare relevant information and make a plan. Then, let's answer the question step by step (pay attention to commonsense and logical coherence) with fitness 0.14285714285714285
25-03 15:51:36 | Population: Let's work this out in a step by step way to be sure we have the right answer with fitness 0.4
25-03 15:51:36 | Population: Take a deep breath and work on this problem step-by-step with fitness 0.45714285714285713
25-03 15:51:36 | Population: Analyze this step by step with fitness 0.3142857142857143
25-03 15:51:36 | Population: Start by dissecting the problem into its components, then address each part methodically with fitness 0.34285714285714286
25-03 15:51:36 | Population: Let's approach this methodically, breaking it into smaller tasks with fitness 0.2571428571428571
25-03 15:51:36 | Population: Dissect the problem carefully, address each part with fitness 0.34285714285714286
25-03 15:51:36 | Population: Let's dive in and solve this challenge step by step with fitness 0.5142857142857142
25-03 15:51:36 | Population: Approach the problem with a keen eye for detail and methodical precision with fitness 0.7142857142857143
25-03 15:51:36 | Population: Embark on a quest for understanding, traversing the problem landscape with curiosity and logic with fitness 0.7428571428571429
25-03 15:51:36 | Population: Your attention to detail here would mean everything with fitness 0.7714285714285715
25-03 15:51:36 | Population: Please, let's focus and ensure we get the correct answer with fitness 0.7714285714285715
25-03 15:51:36 | Population: Ensure that you read the question carefully and understand the problem before attempting to solve it with fitness 0.5714285714285714
25-03 15:51:36 | Genetic Algorithms starts
25-03 15:55:54 | Generation 1 Crossover: "Take a deep breath, focus, and work on this problem step-by-step to ensure we get the correct answer" | Fitness: 0.3142857142857143
25-03 15:58:57 | Generation 1 Mutation: "Examine the challenge with a meticulous outlook and rigorous exactness" | Fitness: 0.6571428571428571
25-03 15:58:57 | Generation 1: Best prompt: "Your attention to detail here would mean everything" | Fitness 0.7714285714285715
25-03 16:04:34 | Generation 2 Crossover: "Let's first prepare relevant information and make a plan, then let's work this out in a step by step way to be sure we have the right answer and maintain commonsense and logical coherence" | Fitness: 0.14285714285714285
25-03 16:07:46 | Generation 2 Mutation: "Embark on a quest for understanding by engaging in a multi-turn dialogue to explore and analyze complex ideas" | Fitness: 0.8
25-03 16:07:46 | Generation 2: Best prompt: "Embark on a quest for understanding by engaging in a multi-turn dialogue to explore and analyze complex ideas" | Fitness 0.8
25-03 16:12:46 | Generation 3 Crossover: "Read the question thoroughly, comprehend the problem, and breathe deeply before tackling it step by step to ensure a thorough understanding and successful solution" | Fitness: 0.37142857142857144
25-03 16:22:27 | Generation 3 Mutation: "Read the question thoroughly, comprehend the problem, and take a few deep breaths before identifying the key components, organizing them logically, and breaking it down into smaller, manageable steps to ensure a thorough understanding and successful solution" | Fitness: 0.45714285714285713
25-03 16:22:27 | Generation 3 Mutation: "Let's focus and ensure we get the correct answer by breaking down the problem and working through it methodically" | Fitness: 0.22857142857142856
25-03 16:22:27 | Generation 3: Best prompt: "Embark on a quest for understanding by engaging in a multi-turn dialogue to explore and analyze complex ideas" | Fitness 0.8
25-03 16:26:36 | Generation 4 Crossover: "Take a deep breath, gather relevant information, and devise a plan. As we progress step by step, ensure that our response is grounded in commonsense and logical coherence" | Fitness: 0.7714285714285715
25-03 16:34:08 | Generation 4 Mutation: "Inhale deeply, gather essential information, and devise a logical plan. As we progress systematically, ensure that our response is grounded in practical understanding and logical coherence" | Fitness: 0.45714285714285713
25-03 16:34:08 | Generation 4 Mutation: "Embark on a quest for understanding by identifying the key components of the problem, analyzing their relationships, and devising a step-by-step plan to address each aspect, all while working together with others" | Fitness: 0.8285714285714286
25-03 16:34:08 | Generation 4: Best prompt: "Embark on a quest for understanding by identifying the key components of the problem, analyzing their relationships, and devising a step-by-step plan to address each aspect, all while working together with others" | Fitness 0.8285714285714286
25-03 16:39:48 | Generation 5 Crossover: "Let's first prepare relevant information and make a plan, then let's work this out in a step by step way to be sure we have the right answer and maintain commonsense and logical coherence, paying attention to commonsense and logical coherence" | Fitness: 0.14285714285714285
25-03 16:43:30 | Generation 5 Mutation: "Take a deep breath and let's methodically break it down into smaller, manageable tasks" | Fitness: 0.5714285714285714
25-03 16:43:30 | Generation 5: Best prompt: "Embark on a quest for understanding by identifying the key components of the problem, analyzing their relationships, and devising a step-by-step plan to address each aspect, all while working together with others" | Fitness 0.8285714285714286
25-03 16:47:32 | Generation 6 Crossover: "Read the question thoroughly, comprehend the problem, breathe deeply, focus, and tackle it step by step to ensure a thorough understanding and successful solution" | Fitness: 0.6571428571428571
25-03 16:51:44 | Generation 6 Mutation: "Take a deep breath, focus, and work on this problem step-by-step, as we devise a step-by-step plan to address each aspect, to ensure we get the correct answer" | Fitness: 0.4
25-03 16:51:44 | Generation 6: Best prompt: "Embark on a quest for understanding by identifying the key components of the problem, analyzing their relationships, and devising a step-by-step plan to address each aspect, all while working together with others" | Fitness 0.8285714285714286
25-03 16:56:40 | Generation 7 Crossover: "Begin by breaking down the problem into its constituent parts, and then approach each segment with a meticulous outlook and rigorous exactness" | Fitness: 0.34285714285714286
25-03 17:00:23 | Generation 7 Mutation: "Embark on a quest for understanding by engaging in a multi-turn dialogue to explore and analyze complex ideas, let's embark on a systematic approach to problem-solving by breaking down the problem and working through it step by step" | Fitness: 0.7714285714285715
25-03 17:00:23 | Generation 7: Best prompt: "Embark on a quest for understanding by identifying the key components of the problem, analyzing their relationships, and devising a step-by-step plan to address each aspect, all while working together with others" | Fitness 0.8285714285714286
25-03 17:05:55 | Generation 8 Crossover: "Analyze and strategize a step-by-step approach to address the problem" | Fitness: 0.14285714285714285
25-03 17:09:21 | Generation 8 Mutation: "Together, let's methodically unravel and conquer this challenge" | Fitness: 0.4857142857142857
25-03 17:09:21 | Generation 8: Best prompt: "Embark on a quest for understanding by identifying the key components of the problem, analyzing their relationships, and devising a step-by-step plan to address each aspect, all while working together with others" | Fitness 0.8285714285714286
25-03 17:13:12 | Generation 9 Crossover: "Embark on a quest for understanding by identifying the key components of the problem, analyzing their relationships, and devising a step-by-step plan to address each aspect, all while paying close attention to detail and working together with others" | Fitness: 0.7714285714285715
25-03 17:15:32 | Generation 9 Mutation: "Kindly, let's unite to meticulously address and surpass this challenge" | Fitness: 0.7714285714285715
25-03 17:15:32 | Generation 9: Best prompt: "Embark on a quest for understanding by identifying the key components of the problem, analyzing their relationships, and devising a step-by-step plan to address each aspect, all while working together with others" | Fitness 0.8285714285714286
25-03 17:15:32 | Converged at generation 9 with best prompt: "Embark on a quest for understanding by identifying the key components of the problem, analyzing their relationships, and devising a step-by-step plan to address each aspect, all while working together with others" | Fitness 0.8285714285714286
25-03 17:15:32 | The final population is: ["Let's think step by step", "Let's devise a plan and solve the problem step by step", "Let's first prepare relevant information and make a plan. Then, let's answer the question step by step (pay attention to commonsense and logical coherence)", "Let's work this out in a step by step way to be sure we have the right answer", 'Take a deep breath and work on this problem step-by-step', 'Analyze this step by step', 'Start by dissecting the problem into its components, then address each part methodically', "Let's approach this methodically, breaking it into smaller tasks", 'Dissect the problem carefully, address each part', "Let's dive in and solve this challenge step by step", 'Approach the problem with a keen eye for detail and methodical precision', 'Embark on a quest for understanding, traversing the problem landscape with curiosity and logic', 'Your attention to detail here would mean everything', "Please, let's focus and ensure we get the correct answer", 'Ensure that you read the question carefully and understand the problem before attempting to solve it', 'Take a deep breath, focus, and work on this problem step-by-step to ensure we get the correct answer', 'Examine the challenge with a meticulous outlook and rigorous exactness', "Let's first prepare relevant information and make a plan, then let's work this out in a step by step way to be sure we have the right answer and maintain commonsense and logical coherence", 'Embark on a quest for understanding by engaging in a multi-turn dialogue to explore and analyze complex ideas', 'Read the question thoroughly, comprehend the problem, and breathe deeply before tackling it step by step to ensure a thorough understanding and successful solution', 'Read the question thoroughly, comprehend the problem, and take a few deep breaths before identifying the key components, organizing them logically, and breaking it down into smaller, manageable steps to ensure a thorough understanding and successful solution', "Let's focus and ensure we get the correct answer by breaking down the problem and working through it methodically", 'Take a deep breath, gather relevant information, and devise a plan. As we progress step by step, ensure that our response is grounded in commonsense and logical coherence', 'Inhale deeply, gather essential information, and devise a logical plan. As we progress systematically, ensure that our response is grounded in practical understanding and logical coherence', 'Embark on a quest for understanding by identifying the key components of the problem, analyzing their relationships, and devising a step-by-step plan to address each aspect, all while working together with others', "Let's first prepare relevant information and make a plan, then let's work this out in a step by step way to be sure we have the right answer and maintain commonsense and logical coherence, paying attention to commonsense and logical coherence", "Take a deep breath and let's methodically break it down into smaller, manageable tasks", 'Read the question thoroughly, comprehend the problem, breathe deeply, focus, and tackle it step by step to ensure a thorough understanding and successful solution', 'Take a deep breath, focus, and work on this problem step-by-step, as we devise a step-by-step plan to address each aspect, to ensure we get the correct answer', 'Begin by breaking down the problem into its constituent parts, and then approach each segment with a meticulous outlook and rigorous exactness', "Embark on a quest for understanding by engaging in a multi-turn dialogue to explore and analyze complex ideas, let's embark on a systematic approach to problem-solving by breaking down the problem and working through it step by step", 'Analyze and strategize a step-by-step approach to address the problem', "Together, let's methodically unravel and conquer this challenge", 'Embark on a quest for understanding by identifying the key components of the problem, analyzing their relationships, and devising a step-by-step plan to address each aspect, all while paying close attention to detail and working together with others', "Kindly, let's unite to meticulously address and surpass this challenge"]
