30-03 10:50:18 | Arguments: Namespace(task='causal_judg', use_icl_examples=False, num_icl_examples=1, num_of_samples=35, iterations=20, number_of_mutations=1, seed=0, mutate_population=True, patience=5)
30-03 10:50:18 | Evaluation of the initial population
30-03 10:50:18 | Population: Let's think step by step with fitness 0.45714285714285713
30-03 10:50:18 | Population: Let's devise a plan and solve the problem step by step with fitness 0.2857142857142857
30-03 10:50:18 | Population: Let's first prepare relevant information and make a plan. Then, let's answer the question step by step (pay attention to commonsense and logical coherence) with fitness 0.34285714285714286
30-03 10:50:18 | Population: Let's work this out in a step by step way to be sure we have the right answer with fitness 0.2857142857142857
30-03 10:50:18 | Population: Take a deep breath and work on this problem step-by-step with fitness 0.37142857142857144
30-03 10:50:18 | Population: Start by dissecting the problem into its components, then address each part methodically with fitness 0.5428571428571428
30-03 10:50:18 | Population: Dissect the problem carefully, address each part with fitness 0.5428571428571428
30-03 10:50:18 | Population: Let's dive in and solve this challenge step by step with fitness 0.6285714285714286
30-03 10:50:18 | Population: Approach the problem with a keen eye for detail and methodical precision with fitness 0.4857142857142857
30-03 10:50:18 | Population: Embark on a quest for understanding, traversing the problem landscape with curiosity and logic with fitness 0.5428571428571428
30-03 10:50:18 | Population: Your attention to detail here would mean everything with fitness 0.45714285714285713
30-03 10:50:18 | Population: Please, let's focus and ensure we get the correct answer with fitness 0.5714285714285714
30-03 10:50:18 | Population: Ensure that you read the question carefully and understand the problem before attempting to solve it with fitness 0.5142857142857142
30-03 10:50:18 | Population: Dive in this problem and find the right answer with fitness 0.6571428571428571
30-03 10:50:18 | Population: You can do this! Be careful in the calculations with fitness 0.5714285714285714
30-03 10:50:18 | Population: It is very important to my career with fitness 0.4857142857142857
30-03 10:50:18 | Population: Let's think slowly and carefully with fitness 0.5428571428571428
30-03 10:50:18 | Genetic Algorithms starts
30-03 10:54:25 | Generation 1 Crossover: "To ensure we find the correct answer, let's take a deep breath and work through this step by step" | Fitness: 0.34285714285714286
30-03 10:58:52 | Generation 1 Mutation: "To swiftly locate the accurate response, let's inhale deeply and tackle this methodically" | Fitness: 0.7142857142857143
30-03 10:58:52 | Generation 1 Mutation: "Divide the issue into manageable segments, and approach each segment with a positive attitude and practical wisdom" | Fitness: 0.5714285714285714
30-03 10:58:52 | Generation 1: Best prompt: "To swiftly locate the accurate response, let's inhale deeply and tackle this methodically" | Fitness 0.7142857142857143
30-03 11:03:09 | Generation 2 Crossover: "Step by step, embark on a quest to unravel the mysteries of the problem landscape, guided by curiosity and logic" | Fitness: 0.42857142857142855
30-03 11:08:39 | Generation 2 Mutation: "Embark on a gradual exploration to uncover the enigmas of the problem terrain, driven by inquisitiveness and reasoning" | Fitness: 0.5714285714285714
30-03 11:08:39 | Generation 2 Mutation: "Tackle the challenge with a sharp focus on detail and calculated accuracy: step by step" | Fitness: 0.42857142857142855
30-03 11:08:39 | Generation 2: Best prompt: "To swiftly locate the accurate response, let's inhale deeply and tackle this methodically" | Fitness 0.7142857142857143
30-03 11:12:46 | Generation 3 Crossover: "Let's dive in and divide the issue into manageable segments, approaching each segment with a positive attitude and practical wisdom, to solve this challenge step by step" | Fitness: 0.2857142857142857
30-03 11:15:51 | Generation 3 Mutation: "Break down the challenge into manageable pieces, and address each piece with a constructive outlook and applicable understanding" | Fitness: 0.45714285714285713
30-03 11:15:51 | Generation 3: Best prompt: "To swiftly locate the accurate response, let's inhale deeply and tackle this methodically" | Fitness 0.7142857142857143
30-03 11:20:09 | Generation 4 Crossover: "Step by step, let's embark on an exploration to uncover the enigmas of the problem terrain, driven by inquisitiveness and reasoning" | Fitness: 0.34285714285714286
30-03 11:24:49 | Generation 4 Mutation: "Rapidly, let's delve into the conundrum of the problem domain, ignited by curiosity and strategic acumen" | Fitness: 0.5428571428571428
30-03 11:24:49 | Generation 4 Mutation: "Swiftly unveil the core of knowledge through strategic thinking" | Fitness: 0.5714285714285714
30-03 11:24:49 | Generation 4: Best prompt: "To swiftly locate the accurate response, let's inhale deeply and tackle this methodically" | Fitness 0.7142857142857143
30-03 11:27:52 | Generation 5 Crossover: "As we dive into the problem domain with curiosity and strategic acumen, we also recognize the significance to our career growth and development" | Fitness: 0.5428571428571428
30-03 11:32:11 | Generation 5 Mutation: "As we immerse ourselves in the problem domain with passion and strategic insight, we underscore the influence on our professional progression and skill refinement" | Fitness: 0.4857142857142857
30-03 11:32:11 | Generation 5 Mutation: "In a fast-paced world, strategic thinking and quickness are essential for an accurate response to any challenge" | Fitness: 0.5428571428571428
30-03 11:32:11 | Generation 5: Best prompt: "To swiftly locate the accurate response, let's inhale deeply and tackle this methodically" | Fitness 0.7142857142857143
30-03 11:36:18 | Generation 6 Crossover: "Start by dissecting the problem, then devise a step-by-step plan to tackle it" | Fitness: 0.42857142857142855
30-03 11:39:49 | Generation 6 Mutation: "Systematically break down the challenge into manageable tasks" | Fitness: 0.34285714285714286
30-03 11:39:49 | Generation 6: Best prompt: "To swiftly locate the accurate response, let's inhale deeply and tackle this methodically" | Fitness 0.7142857142857143
30-03 11:42:23 | Generation 7 Crossover: "Swiftly embark on a gradual exploration, driven by strategic thinking and inquisitiveness, to uncover the enigmas of the problem terrain and swiftly reveal the core of knowledge" | Fitness: 0.5714285714285714
30-03 11:44:23 | Generation 7 Mutation: "Embrace the depths of detail to create a meaningful impact" | Fitness: 0.6
30-03 11:44:23 | Generation 7: Best prompt: "To swiftly locate the accurate response, let's inhale deeply and tackle this methodically" | Fitness 0.7142857142857143
30-03 11:47:41 | Generation 8 Crossover: "Let's methodically break down the challenge into smaller tasks, and address each piece with a constructive outlook and applicable understanding" | Fitness: 0.5142857142857142
30-03 11:49:57 | Generation 8 Mutation: "Expedite your thought process and strategize with care, zeroing in on the vital details" | Fitness: 0.4857142857142857
30-03 11:49:57 | Generation 8: Best prompt: "To swiftly locate the accurate response, let's inhale deeply and tackle this methodically" | Fitness 0.7142857142857143
30-03 11:54:16 | Generation 9 Crossover: "Step by step, let's dive into the problem landscape, unraveling mysteries with curiosity and logic" | Fitness: 0.37142857142857144
30-03 11:59:54 | Generation 9 Mutation: "With lightning speed, let's dive into the problem realm, unraveling mysteries with nimble curiosity and strategic acumen" | Fitness: 0.5714285714285714
30-03 11:59:54 | Generation 9 Mutation: "Swiftly dive into the depths of the problem, uncovering its enigmas with agile reasoning and tactical acumen" | Fitness: 0.5714285714285714
30-03 11:59:54 | Generation 9: Best prompt: "To swiftly locate the accurate response, let's inhale deeply and tackle this methodically" | Fitness 0.7142857142857143
30-03 12:03:12 | Generation 10 Crossover: "In-depth analyzing the issue, we rapidly explore the mystery of the domain, fueled by curiosity and strategic mastery" | Fitness: 0.4857142857142857
30-03 12:08:43 | Generation 10 Mutation: "With haste and tactical acumen, we unravel the riddle of the realm, propelled by zeal and strategic finesse" | Fitness: 0.42857142857142855
30-03 12:08:43 | Generation 10 Mutation: "In our pursuit of uncovering the intricacies of the problem domain with fervor and astute perception, we accentuate the role it plays in shaping our professional growth and mastery of skills" | Fitness: 0.42857142857142855
30-03 12:08:43 | Generation 10: Best prompt: "To swiftly locate the accurate response, let's inhale deeply and tackle this methodically" | Fitness 0.7142857142857143
30-03 12:11:39 | Generation 11 Crossover: "Swiftly diving into the problem domain with lightning speed, we unveil enigmas with agile curiosity and strategic acumen, acknowledging the impact on our professional advancement, personal development, and career growth" | Fitness: 0.6285714285714286
30-03 12:13:53 | Generation 11 Mutation: "In our rapid exploration of the problem domain, we underscore the significance of our professional advancement and skill enhancement through swift, strategic responses" | Fitness: 0.45714285714285713
30-03 12:13:53 | Generation 11: Best prompt: "To swiftly locate the accurate response, let's inhale deeply and tackle this methodically" | Fitness 0.7142857142857143
30-03 12:17:22 | Generation 12 Crossover: "Let's think step by step as we devise a plan to solve the problem" | Fitness: 0.34285714285714286
30-03 12:24:17 | Generation 12 Mutation: "Formulate a systematic and expeditious strategy to address the issue, breaking it down into sequential steps" | Fitness: 0.3142857142857143
30-03 12:24:17 | Generation 12 Mutation: "Dissect the challenge into smaller, workable components; cultivate an optimistic mindset and apply prudent reasoning when tackling each component" | Fitness: 0.5428571428571428
30-03 12:24:17 | Generation 12: Best prompt: "To swiftly locate the accurate response, let's inhale deeply and tackle this methodically" | Fitness 0.7142857142857143
30-03 12:27:14 | Generation 13 Crossover: "By thoroughly investigating the issue, we rapidly deconstruct the domain's mystery into smaller, manageable parts, fueled by curiosity and strategic expertise, while cultivating a positive mindset and applying careful reasoning to each component" | Fitness: 0.42857142857142855
30-03 12:30:14 | Generation 13 Mutation: "Decompose the challenge into smaller, approachable subtasks" | Fitness: 0.37142857142857144
30-03 12:30:14 | Generation 13: Best prompt: "To swiftly locate the accurate response, let's inhale deeply and tackle this methodically" | Fitness 0.7142857142857143
30-03 12:33:33 | Generation 14 Crossover: "As we delve into the problem domain with enthusiasm and precision, we emphasize the impact it has on our professional development and skill acquisition, while remaining cautious in our calculations" | Fitness: 0.5142857142857142
30-03 12:39:28 | Generation 14 Mutation: "As we dive into the problem domain with passion, we prioritize the influence on our career advancement and competency building, while maintaining carefulness in our methodology" | Fitness: 0.42857142857142855
30-03 12:39:28 | Generation 14 Mutation: "Break down the problem into smaller, solvable parts; foster a positive mindset and employ practical knowledge to each part" | Fitness: 0.45714285714285713
30-03 12:39:28 | Generation 14: Best prompt: "To swiftly locate the accurate response, let's inhale deeply and tackle this methodically" | Fitness 0.7142857142857143
30-03 12:42:29 | Generation 15 Crossover: "Decompose the challenge into smaller, approachable tasks, and tackle each piece with a constructive outlook and applicable understanding" | Fitness: 0.5142857142857142
30-03 12:45:27 | Generation 15 Mutation: "To obtain an accurate response, first analyze the problem into its core elements, and then systematically address each part" | Fitness: 0.4857142857142857
30-03 12:45:27 | Generation 15: Best prompt: "To swiftly locate the accurate response, let's inhale deeply and tackle this methodically" | Fitness 0.7142857142857143
30-03 12:48:52 | Generation 16 Crossover: "As we embark on a journey to uncover the intricacies of the problem domain, we cultivate our professional growth and mastery of skills through curiosity, logic, and astute perception" | Fitness: 0.45714285714285713
30-03 12:51:46 | Generation 16 Mutation: "To efficiently tackle a problem, dissect it into its core elements and logically analyze each part" | Fitness: 0.6571428571428571
30-03 12:51:46 | Generation 16: Best prompt: "To swiftly locate the accurate response, let's inhale deeply and tackle this methodically" | Fitness 0.7142857142857143
30-03 12:56:13 | Generation 17 Crossover: "Develop a systematic and efficient approach to decompose the challenge into smaller, manageable tasks, and tackle each piece with a constructive mindset and practical understanding" | Fitness: 0.4
30-03 13:01:38 | Generation 17 Mutation: "Break down a complex challenge into smaller, manageable tasks and tackle each piece with a constructive mindset and practical understanding, while maintaining a step-by-step plan and proactive approach" | Fitness: 0.5714285714285714
30-03 13:01:38 | Generation 17 Mutation: "To ensure accuracy and clarity, let's tackle the issue methodically, demonstrating our strategic acumen throughout the process" | Fitness: 0.6285714285714286
30-03 13:01:38 | Generation 17: Best prompt: "To swiftly locate the accurate response, let's inhale deeply and tackle this methodically" | Fitness 0.7142857142857143
30-03 13:05:01 | Generation 18 Crossover: "By immersing ourselves in the problem domain with strategic insight, we can efficiently tackle a problem by dissecting it into its core elements and logically analyzing each part, thereby enhancing our professional progression and skill refinement" | Fitness: 0.5714285714285714
30-03 13:10:43 | Generation 18 Mutation: "By delving deeply into the problem domain and applying strategic thinking, we can effectively deconstruct intricate challenges into their essential components. Through logical examination of each part, we can not only enhance our professional advancement but also sharpen our skills and deepen our expertise in the process." | Fitness: 0.5142857142857142
30-03 13:10:43 | Generation 18 Mutation: "To tackle a problem accurately, dissect it into core elements and analyze logically and efficiently" | Fitness: 0.6
30-03 13:10:43 | Generation 18: Best prompt: "To swiftly locate the accurate response, let's inhale deeply and tackle this methodically" | Fitness 0.7142857142857143
30-03 13:14:12 | Generation 19 Crossover: "Breathe deeply, and methodically dissect the challenge into smaller, manageable parts, approaching each with a constructive mindset and relevant comprehension" | Fitness: 0.42857142857142855
30-03 13:19:43 | Generation 19 Mutation: "Inhale deeply, divide the challenge into smaller, manageable sections, and address each one with a constructive mindset and clear comprehension" | Fitness: 0.45714285714285713
30-03 13:19:43 | Generation 19 Mutation: "Cultivate a methodical approach by dissecting the challenge into smaller, approachable components, and confront each component with a forward-thinking attitude and pertinent knowledge, demonstrating strategic acumen" | Fitness: 0.4857142857142857
30-03 13:19:43 | Generation 19: Best prompt: "To swiftly locate the accurate response, let's inhale deeply and tackle this methodically" | Fitness 0.7142857142857143
