26-03 10:45:17 | Arguments: Namespace(task='logic_ded3', use_icl_examples=False, num_icl_examples=1, num_of_samples=35, iterations=20, number_of_mutations=1, seed=0, mutate_population=True, patience=5)
26-03 10:45:17 | Evaluation of the initial population
26-03 11:14:59 | Population: Let's think step by step with fitness 0.45714285714285713
26-03 11:14:59 | Population: Let's devise a plan and solve the problem step by step with fitness 0.17142857142857143
26-03 11:14:59 | Population: Let's first prepare relevant information and make a plan. Then, let's answer the question step by step (pay attention to commonsense and logical coherence) with fitness 0.22857142857142856
26-03 11:14:59 | Population: Let's work this out in a step by step way to be sure we have the right answer with fitness 0.11428571428571428
26-03 11:14:59 | Population: Take a deep breath and work on this problem step-by-step with fitness 0.2571428571428571
26-03 11:14:59 | Population: Analyze this step by step with fitness 0.11428571428571428
26-03 11:14:59 | Population: Start by dissecting the problem into its components, then address each part methodically with fitness 0.2857142857142857
26-03 11:14:59 | Population: Let's approach this methodically, breaking it into smaller tasks with fitness 0.2857142857142857
26-03 11:14:59 | Population: Dissect the problem carefully, address each part with fitness 0.2571428571428571
26-03 11:14:59 | Population: Let's dive in and solve this challenge step by step with fitness 0.2857142857142857
26-03 11:14:59 | Population: Approach the problem with a keen eye for detail and methodical precision with fitness 0.2857142857142857
26-03 11:14:59 | Population: Embark on a quest for understanding, traversing the problem landscape with curiosity and logic with fitness 0.2857142857142857
26-03 11:14:59 | Population: Your attention to detail here would mean everything with fitness 0.3142857142857143
26-03 11:14:59 | Population: Please, let's focus and ensure we get the correct answer with fitness 0.2857142857142857
26-03 11:14:59 | Population: Ensure that you read the question carefully and understand the problem before attempting to solve it with fitness 0.2857142857142857
26-03 11:14:59 | Genetic Algorithms starts
26-03 11:17:48 | Generation 1 Crossover: "Craft a detailed plan, scrutinize the problem with precision, and progress step by step towards a solution" | Fitness: 0.2857142857142857
26-03 11:21:42 | Generation 1 Mutation: "Let's think step by step to analyze the problem, identify key elements, and devise a logical approach to reach a well-reasoned conclusion, while keeping commonsense principles in mind" | Fitness: 0.2571428571428571
26-03 11:21:42 | Generation 1: Best prompt: "Let's think step by step" | Fitness 0.45714285714285713
26-03 11:25:21 | Generation 2 Crossover: "Analyze and strategize a step-by-step approach to address the problem" | Fitness: 0.17142857142857143
26-03 11:32:00 | Generation 2 Mutation: "Develop a logical and step-by-step strategy to address the problem, dividing it into feasible stages, and evaluating potential obstacles while proposing effective solutions" | Fitness: 0.2857142857142857
26-03 11:32:00 | Generation 2 Mutation: "Let's initially collect vital information and establish a plan of action. Next, let's address the question in a step-by-step manner (considering practical reasoning and logical coherence), and let's focus and ensure we obtain the accurate answer" | Fitness: 0.22857142857142856
26-03 11:32:00 | Generation 2: Best prompt: "Let's think step by step" | Fitness 0.45714285714285713
26-03 11:34:09 | Generation 3 Crossover: "Embark on a quest for understanding, methodically breaking it into smaller tasks with curiosity and logic, to uncover the underlying principles of the problem landscape" | Fitness: 0.2857142857142857
26-03 11:37:21 | Generation 3 Mutation: "Initiate an expedition of comprehension, meticulously dissecting it into smaller phases with zeal and logical analysis, to expose the core principles of the problem realm" | Fitness: 0.2571428571428571
26-03 11:37:21 | Generation 3 Mutation: "Before diving into a problem, always ensure that you read the question carefully and understand the problem before attempting to solve it, as attention to detail is essential for success" | Fitness: 0.2857142857142857
26-03 11:37:21 | Generation 3: Best prompt: "Let's think step by step" | Fitness 0.45714285714285713
26-03 11:39:23 | Generation 4 Crossover: "Before diving into a problem, take a deep breath, read the question carefully, and understand the problem, as a step-by-step approach and attention to detail are crucial for success" | Fitness: 0.2857142857142857
26-03 11:44:02 | Generation 4 Mutation: "Prior to engaging with a challenge, inhale deeply, examine the question, and grasp the matter, as a systematic approach and precision are vital for success" | Fitness: 0.3142857142857143
26-03 11:44:02 | Generation 4 Mutation: "Develop a logical and step-by-step strategy to address the problem: Please, let's focus and ensure we get the correct answer" | Fitness: 0.2857142857142857
26-03 11:44:02 | Generation 4: Best prompt: "Let's think step by step" | Fitness 0.45714285714285713
26-03 11:48:42 | Generation 5 Crossover: "Develop a logical and step-by-step strategy to address the problem, dividing it into feasible stages, and evaluating potential obstacles while proposing effective solutions; let's work this out in a step-by-step way to be sure we have the right answer" | Fitness: 0.3142857142857143
26-03 11:52:44 | Generation 5 Mutation: "Develop a systematic and methodical plan to confront the problem, dissecting it into approachable sections, and taking into account possible hurdles while recommending versatile solutions; let's work through this in a systematic manner to guarantee we discover the most suitable answer" | Fitness: 0.22857142857142856
26-03 11:52:44 | Generation 5 Mutation: "To excel in problem-solving, one must adopt a systematic step-by-step approach and pay meticulous attention to detail, as these elements are vital for navigating complex situations and attaining desired outcomes" | Fitness: 0.3142857142857143
26-03 11:52:44 | Generation 5: Best prompt: "Let's think step by step" | Fitness 0.45714285714285713
26-03 11:57:13 | Generation 6 Crossover: "Let's think step by step to analyze the problem, identify key elements, and devise a logical approach to reach a well-reasoned conclusion, while keeping commonsense principles in mind, and then let's think step by step again to ensure we have a thorough understanding of the process, and finally, let's think step by step one more time to refine our approach and achieve the desired outcome" | Fitness: 0.3142857142857143
26-03 11:58:46 | Generation 6 Mutation: "The significance of thorough evaluation of potential obstacles lies in the ability to overcome them, rather than focusing solely on attention to detail" | Fitness: 0.3142857142857143
26-03 11:58:46 | Generation 6: Best prompt: "Let's think step by step" | Fitness 0.45714285714285713
26-03 11:58:46 | Converged at generation 6 with best prompt: "Let's think step by step" | Fitness 0.45714285714285713
26-03 11:58:46 | The final population is: ["Let's think step by step", "Let's devise a plan and solve the problem step by step", "Let's first prepare relevant information and make a plan. Then, let's answer the question step by step (pay attention to commonsense and logical coherence)", "Let's work this out in a step by step way to be sure we have the right answer", 'Take a deep breath and work on this problem step-by-step', 'Analyze this step by step', 'Start by dissecting the problem into its components, then address each part methodically', "Let's approach this methodically, breaking it into smaller tasks", 'Dissect the problem carefully, address each part', "Let's dive in and solve this challenge step by step", 'Approach the problem with a keen eye for detail and methodical precision', 'Embark on a quest for understanding, traversing the problem landscape with curiosity and logic', 'Your attention to detail here would mean everything', "Please, let's focus and ensure we get the correct answer", 'Ensure that you read the question carefully and understand the problem before attempting to solve it', 'Craft a detailed plan, scrutinize the problem with precision, and progress step by step towards a solution', "Let's think step by step to analyze the problem, identify key elements, and devise a logical approach to reach a well-reasoned conclusion, while keeping commonsense principles in mind", 'Analyze and strategize a step-by-step approach to address the problem', 'Develop a logical and step-by-step strategy to address the problem, dividing it into feasible stages, and evaluating potential obstacles while proposing effective solutions', "Let's initially collect vital information and establish a plan of action. Next, let's address the question in a step-by-step manner (considering practical reasoning and logical coherence), and let's focus and ensure we obtain the accurate answer", 'Embark on a quest for understanding, methodically breaking it into smaller tasks with curiosity and logic, to uncover the underlying principles of the problem landscape', 'Initiate an expedition of comprehension, meticulously dissecting it into smaller phases with zeal and logical analysis, to expose the core principles of the problem realm', 'Before diving into a problem, always ensure that you read the question carefully and understand the problem before attempting to solve it, as attention to detail is essential for success', 'Before diving into a problem, take a deep breath, read the question carefully, and understand the problem, as a step-by-step approach and attention to detail are crucial for success', 'Prior to engaging with a challenge, inhale deeply, examine the question, and grasp the matter, as a systematic approach and precision are vital for success', "Develop a logical and step-by-step strategy to address the problem: Please, let's focus and ensure we get the correct answer", "Develop a logical and step-by-step strategy to address the problem, dividing it into feasible stages, and evaluating potential obstacles while proposing effective solutions; let's work this out in a step-by-step way to be sure we have the right answer", "Develop a systematic and methodical plan to confront the problem, dissecting it into approachable sections, and taking into account possible hurdles while recommending versatile solutions; let's work through this in a systematic manner to guarantee we discover the most suitable answer", 'To excel in problem-solving, one must adopt a systematic step-by-step approach and pay meticulous attention to detail, as these elements are vital for navigating complex situations and attaining desired outcomes', "Let's think step by step to analyze the problem, identify key elements, and devise a logical approach to reach a well-reasoned conclusion, while keeping commonsense principles in mind, and then let's think step by step again to ensure we have a thorough understanding of the process, and finally, let's think step by step one more time to refine our approach and achieve the desired outcome", 'The significance of thorough evaluation of potential obstacles lies in the ability to overcome them, rather than focusing solely on attention to detail']
