30-03 13:37:28 | Arguments: Namespace(task='date_under', use_icl_examples=False, num_icl_examples=1, num_of_samples=35, iterations=20, number_of_mutations=1, seed=0, mutate_population=True, patience=5)
30-03 13:37:28 | Evaluation of the initial population
30-03 13:37:28 | Population: Let's think step by step with fitness 0.6571428571428571
30-03 13:37:28 | Population: Let's devise a plan and solve the problem step by step with fitness 0.11428571428571428
30-03 13:37:28 | Population: Let's first prepare relevant information and make a plan. Then, let's answer the question step by step (pay attention to commonsense and logical coherence) with fitness 0.22857142857142856
30-03 13:37:28 | Population: Let's work this out in a step by step way to be sure we have the right answer with fitness 0.5714285714285714
30-03 13:37:28 | Population: Take a deep breath and work on this problem step-by-step with fitness 0.08571428571428572
30-03 13:37:28 | Population: Start by dissecting the problem into its components, then address each part methodically with fitness 0.42857142857142855
30-03 13:37:28 | Population: Dissect the problem carefully, address each part with fitness 0.4
30-03 13:37:28 | Population: Let's dive in and solve this challenge step by step with fitness 0.5714285714285714
30-03 13:37:28 | Population: Approach the problem with a keen eye for detail and methodical precision with fitness 0.5428571428571428
30-03 13:37:28 | Population: Embark on a quest for understanding, traversing the problem landscape with curiosity and logic with fitness 0.6571428571428571
30-03 13:37:28 | Population: Your attention to detail here would mean everything with fitness 0.5714285714285714
30-03 13:37:28 | Population: Please, let's focus and ensure we get the correct answer with fitness 0.6285714285714286
30-03 13:37:28 | Population: Ensure that you read the question carefully and understand the problem before attempting to solve it with fitness 0.4857142857142857
30-03 13:37:28 | Population: Dive in this problem and find the right answer with fitness 0.6285714285714286
30-03 13:37:28 | Population: You can do this! Be careful in the calculations with fitness 0.5428571428571428
30-03 13:37:28 | Population: It is very important to my career with fitness 0.6285714285714286
30-03 13:37:28 | Population: Let's think slowly and carefully with fitness 0.6
30-03 13:37:28 | Genetic Algorithms starts
30-03 13:41:49 | Generation 1 Crossover: "Let's first ensure we understand the problem thoroughly, then dive in and carefully dissect it, addressing each part step by step" | Fitness: 0.22857142857142856
30-03 13:45:09 | Generation 1 Mutation: "As we swiftly traverse the landscape of understanding, let's gather essential data and devise a tactical plan. Next, let's navigate the question with speed and logical consistency" | Fitness: 0.6285714285714286
30-03 13:45:09 | Generation 1: Best prompt: "Let's think step by step" | Fitness 0.6571428571428571
30-03 13:48:51 | Generation 2 Crossover: "To ensure the importance of my career, I will dissect the problem methodically and address each part systematically" | Fitness: 0.45714285714285713
30-03 13:55:57 | Generation 2 Mutation: "To swiftly prioritize my career, I will rapidly analyze the problem and tackle each aspect with agility and precision, while also considering the long-term implications and potential consequences of my actions" | Fitness: 0.6
30-03 13:55:57 | Generation 2 Mutation: "Achieving logical consistency in a fast-paced environment requires both speed and strategic thinking, and your attention to detail would be crucial" | Fitness: 0.5428571428571428
30-03 13:55:57 | Generation 2: Best prompt: "Let's think step by step" | Fitness 0.6571428571428571
30-03 13:59:14 | Generation 3 Crossover: "Let's think carefully and step by step to ensure we arrive at the correct answer" | Fitness: 0.5142857142857142
30-03 14:02:16 | Generation 3 Mutation: "Thinking strategically at high speed, let's consider each step" | Fitness: 0.4857142857142857
30-03 14:02:16 | Generation 3: Best prompt: "Let's think step by step" | Fitness 0.6571428571428571
30-03 14:05:39 | Generation 4 Crossover: "Breathe deeply, think methodically, and progress step-by-step to reach the accurate conclusion" | Fitness: 0.5142857142857142
30-03 14:08:22 | Generation 4 Mutation: "Embark on a quest to discover your true passions and purpose in your career" | Fitness: 0.6
30-03 14:08:22 | Generation 4: Best prompt: "Let's think step by step" | Fitness 0.6571428571428571
30-03 14:12:15 | Generation 5 Crossover: "Achieving logical consistency in a fast-paced environment necessitates both speed and strategic thinking, with attention to detail being crucial, while also considering the long-term implications and potential consequences of my actions" | Fitness: 0.6285714285714286
30-03 14:18:01 | Generation 5 Mutation: "In a rapidly changing world, maintaining logical consistency demands a combination of swift decision-making, strategic foresight, and meticulous focus on the details, all while staying mindful of the long-term repercussions and adjusting my actions accordingly" | Fitness: 0.5142857142857142
30-03 14:18:01 | Generation 5 Mutation: "Cultivate curiosity and swiftness in logical reasoning, one step at a time" | Fitness: 0.5428571428571428
30-03 14:18:01 | Generation 5: Best prompt: "Let's think step by step" | Fitness 0.6571428571428571
30-03 14:21:35 | Generation 6 Crossover: "Let's concentrate on creating a plan to tackle the problem methodically, ensuring we reach the correct solution" | Fitness: 0.45714285714285713
30-03 14:28:32 | Generation 6 Mutation: "Establish a systematic, step-by-step plan to tackle the problem, ensuring the correct solution is reached" | Fitness: 0.02857142857142857
30-03 14:28:32 | Generation 6 Mutation: "Embark on a quest to discover your true passions and purpose in your career, while paying attention to the lessons and insights gained from self-reflection and external experiences" | Fitness: 0.5714285714285714
30-03 14:28:32 | Generation 6: Best prompt: "Let's think step by step" | Fitness 0.6571428571428571
30-03 14:32:01 | Generation 7 Crossover: "Embark on a step-by-step journey to discover your true passions and purpose in your career, while incorporating lessons from self-reflection and external experiences to devise a plan and solve problems effectively" | Fitness: 0.4857142857142857
30-03 14:35:38 | Generation 7 Mutation: "Formulate a logical and expeditious approach to address the challenge, dividing it into manageable segments" | Fitness: 0.4
30-03 14:35:38 | Generation 7: Best prompt: "Let's think step by step" | Fitness 0.6571428571428571
30-03 14:39:29 | Generation 8 Crossover: "Cultivate curiosity and swiftness in logical reasoning, while taking a deep breath and working on this problem step-by-step" | Fitness: 0.37142857142857144
30-03 14:42:23 | Generation 8 Mutation: "Cultivate your curiosity to unveil your career path, as you embark on a quest to find your true passions and purpose" | Fitness: 0.5142857142857142
30-03 14:42:23 | Generation 8: Best prompt: "Let's think step by step" | Fitness 0.6571428571428571
30-03 14:46:13 | Generation 9 Crossover: "Breathe deeply, immerse yourself, and methodically tackle this problem to uncover the correct solution" | Fitness: 0.45714285714285713
30-03 14:49:24 | Generation 9 Mutation: "Let's collect key data and establish a plan. Next, let's tackle the question methodically, keeping in mind common sense and logical flow" | Fitness: 0.4857142857142857
30-03 14:49:24 | Generation 9: Best prompt: "Let's think step by step" | Fitness 0.6571428571428571
30-03 14:52:43 | Generation 10 Crossover: "Let's cultivate curiosity and swiftness in logical reasoning, while taking a deep breath and establishing a plan. Next, let's tackle the question methodically, keeping in mind common sense and logical flow" | Fitness: 0.6
30-03 14:55:28 | Generation 10 Mutation: "Let's think swiftly and strategically, step by step" | Fitness: 0.5714285714285714
30-03 14:55:28 | Generation 10: Best prompt: "Let's think step by step" | Fitness 0.6571428571428571
30-03 14:58:40 | Generation 11 Crossover: "Let's approach the problem with a keen eye for detail, and think carefully and step by step to ensure we arrive at the correct answer" | Fitness: 0.45714285714285713
30-03 15:01:30 | Generation 11 Mutation: "Achieve consistency in your passions and purpose by integrating self-reflection and external experiences" | Fitness: 0.6
30-03 15:01:30 | Generation 11: Best prompt: "Let's think step by step" | Fitness 0.6571428571428571
30-03 15:04:47 | Generation 12 Crossover: "Let's think carefully and step by step to ensure that our combined attention to detail leads us to the correct answer" | Fitness: 0.6
30-03 15:08:15 | Generation 12 Mutation: "Let's commit to a step-by-step strategy to resolve the challenge, assuring we discover the precise answer by engaging in deliberate actions" | Fitness: 0.2857142857142857
30-03 15:08:15 | Generation 12: Best prompt: "Let's think step by step" | Fitness 0.6571428571428571
30-03 15:11:39 | Generation 13 Crossover: "Cultivate curiosity and swiftness in logical reasoning, one step at a time, by practicing patience and attention to detail, while achieving logical consistency in a fast-paced environment with both speed and strategic thinking" | Fitness: 0.6
30-03 15:17:49 | Generation 13 Mutation: "Develop curiosity and speed in logical reasoning through patience and attention to detail, while maintaining logical consistency in a fast-paced setting with a balance of speed and strategic thinking" | Fitness: 0.6
30-03 15:17:49 | Generation 13 Mutation: "Accelerate strategic thinking and rapid comprehension in logical reasoning, by swiftly inhaling and devising a tactical approach. Subsequently, address the question with agility and accuracy, incorporating practical wisdom and logical consistency" | Fitness: 0.6571428571428571
30-03 15:17:49 | Generation 13: Best prompt: "Let's think step by step" | Fitness 0.6571428571428571
30-03 15:21:21 | Generation 14 Crossover: "Let's focus on a systematic approach to address the issue, fostering curiosity and speed in logical reasoning, one step at a time, by exercising patience and attentiveness to detail, while achieving logical consistency and strategic thinking in a fast-paced environment, ensuring the correct solution is reached through a well-structured plan" | Fitness: 0.4857142857142857
30-03 15:25:05 | Generation 14 Mutation: "Cultivate a deep understanding of the challenge, and transform it into smaller, approachable segments" | Fitness: 0.5428571428571428
30-03 15:25:05 | Generation 14: Best prompt: "Let's think step by step" | Fitness 0.6571428571428571
