21-03 09:58:22 | Arguments: Namespace(task='aqua', use_icl_examples=False, num_icl_examples=1, num_of_samples=50, iterations=20, number_of_mutations=1, seed=0, mutate_population=True, patience=5)
21-03 09:58:22 | Evaluation of the initial population
21-03 11:22:22 | Population: Let's think step by step with fitness 0.24
21-03 11:22:22 | Population: Let's first understand the problem and devise a plan to solve the problem. Then, let's carry out the plan and solve the problem step by step with fitness 0.24
21-03 11:22:22 | Population: Let's first understand the problem, extract relevant variables and their corresponding numerals, and make a complete plan.Then, let's carry out the plan, calculate intermediate variables (pay attention to correct numerical calculation and commonsense), solve the problem step by step, and show the answer with fitness 0.22
21-03 11:22:22 | Population: Take a deep breath and work on this problem step-by-step with fitness 0.34
21-03 11:22:22 | Population: Break this down with fitness 0.34
21-03 11:22:22 | Population: A little bit of arithmetic and a logical approach will help us quickly arrive at the solution to this problem with fitness 0.2
21-03 11:22:22 | Population: Let's combine our numerical command and clear thinking to quickly and accurately decipher the answer with fitness 0.2
21-03 11:22:22 | Population: Let's be very precise and accurate in our calculations with fitness 0.26
21-03 11:22:22 | Population: Let's create a simplified version of the problem to gain insights and test potential solutions with fitness 0.26
21-03 11:22:22 | Population: Embark on a journey to derive the solution to this problem with fitness 0.2
21-03 11:22:22 | Population: Compute the solution with a calculated, stepwise approach with fitness 0.28
21-03 11:22:22 | Population: Our approach will be to methodically work through the problem, ensuring accuracy at each step to derive the correct answer with fitness 0.3
21-03 11:22:22 | Population: Slow down, let's break this down into manageable steps with fitness 0.3
21-03 11:22:22 | Population: Inhale deeply, exhale slowly, and embark on this problem-solving journey with a step-by-step mindset with fitness 0.2
21-03 11:22:22 | Genetic Algorithms starts
21-03 11:28:31 | Generation 1 Crossover: "Breathe deeply, approach the problem methodically, and strive for accuracy and precision in our calculations" | Fitness: 0.26
21-03 11:41:04 | Generation 1 Mutation: "To attain a profound comprehension of the issue, delve into a systematic examination, and uphold accuracy and precision in our computations" | Fitness: 0.2
21-03 11:41:04 | Generation 1 Mutation: "We'll employ a stepwise approach to systematically address the problem, ensuring accuracy at each phase to obtain the correct answer" | Fitness: 0.3
21-03 11:41:04 | Generation 1: Best prompt: "Take a deep breath and work on this problem step-by-step" | Fitness 0.34
21-03 11:47:48 | Generation 2 Crossover: "We'll adopt an iterative, stepwise approach to systematically tackle the problem, ensuring accuracy at each phase to obtain the correct answer" | Fitness: 0.32
21-03 11:53:49 | Generation 2 Mutation: "Embark on a journey to ensure accuracy at each step, ultimately deriving the correct answer to this problem" | Fitness: 0.22
21-03 11:53:49 | Generation 2: Best prompt: "Take a deep breath and work on this problem step-by-step" | Fitness 0.34
21-03 12:00:14 | Generation 3 Crossover: "Inhale deeply, unite our numerical expertise and logical reasoning, and pursue precision and accuracy in our calculations to swiftly and accurately solve the problem, while methodically approaching the task" | Fitness: 0.26
21-03 12:06:20 | Generation 3 Mutation: "Let's first understand the problem, extract relevant variables and their corresponding numerals, and make a complete plan. Then, let's carry out the plan, calculate intermediate variables (pay attention to correct numerical calculation and commonsense), solve the problem step by step, and show the answer, but remember to slow down and ensure accuracy in calculations and swift problem-solving" | Fitness: 0.2
21-03 12:06:20 | Generation 3: Best prompt: "Take a deep breath and work on this problem step-by-step" | Fitness 0.34
21-03 12:13:11 | Generation 4 Crossover: "Inhale deeply, exhale slowly, and embark on this problem-solving journey with a step-by-step mindset, while breathing deeply, methodically approaching the problem, and striving for accuracy and precision in our calculations" | Fitness: 0.26
21-03 12:25:24 | Generation 4 Mutation: "Breathe, think, and solve the problem methodically, ensuring accuracy and precision in our calculations" | Fitness: 0.26
21-03 12:25:24 | Generation 4 Mutation: "Let's break this problem down into manageable steps and tackle it one step at a time, Socrates" | Fitness: 0.28
21-03 12:25:24 | Generation 4: Best prompt: "Take a deep breath and work on this problem step-by-step" | Fitness 0.34
21-03 12:32:13 | Generation 5 Crossover: "Inhale deeply, exhale slowly, and embark on this problem-solving journey with a step-by-step mindset, while breaking the problem down into manageable steps and tackling it one step at a time, Socrates, striving for accuracy and precision in our calculations" | Fitness: 0.32
21-03 12:38:02 | Generation 5 Mutation: "Break the process into smaller, manageable sections" | Fitness: 0.24
21-03 12:38:02 | Generation 5: Best prompt: "Take a deep breath and work on this problem step-by-step" | Fitness 0.34
21-03 12:44:29 | Generation 6 Crossover: "Take a deep breath, think step by step, and approach the problem methodically to ensure accuracy and precision in our calculations" | Fitness: 0.22
21-03 12:50:40 | Generation 6 Mutation: "Adopting an iterative strategy, we can break down this problem into manageable steps and tackle it one step at a time, Socrates" | Fitness: 0.26
21-03 12:50:40 | Generation 6: Best prompt: "Take a deep breath and work on this problem step-by-step" | Fitness 0.34
21-03 12:50:40 | Converged at generation 6 with best prompt: "Take a deep breath and work on this problem step-by-step" | Fitness 0.34
21-03 12:50:40 | The final population is: ["Let's think step by step", "Let's first understand the problem and devise a plan to solve the problem. Then, let's carry out the plan and solve the problem step by step", "Let's first understand the problem, extract relevant variables and their corresponding numerals, and make a complete plan.Then, let's carry out the plan, calculate intermediate variables (pay attention to correct numerical calculation and commonsense), solve the problem step by step, and show the answer", 'Take a deep breath and work on this problem step-by-step', 'Break this down', 'A little bit of arithmetic and a logical approach will help us quickly arrive at the solution to this problem', "Let's combine our numerical command and clear thinking to quickly and accurately decipher the answer", "Let's be very precise and accurate in our calculations", "Let's create a simplified version of the problem to gain insights and test potential solutions", 'Embark on a journey to derive the solution to this problem', 'Compute the solution with a calculated, stepwise approach', 'Our approach will be to methodically work through the problem, ensuring accuracy at each step to derive the correct answer', "Slow down, let's break this down into manageable steps", 'Inhale deeply, exhale slowly, and embark on this problem-solving journey with a step-by-step mindset', 'Breathe deeply, approach the problem methodically, and strive for accuracy and precision in our calculations', 'To attain a profound comprehension of the issue, delve into a systematic examination, and uphold accuracy and precision in our computations', "We'll employ a stepwise approach to systematically address the problem, ensuring accuracy at each phase to obtain the correct answer", "We'll adopt an iterative, stepwise approach to systematically tackle the problem, ensuring accuracy at each phase to obtain the correct answer", 'Embark on a journey to ensure accuracy at each step, ultimately deriving the correct answer to this problem', 'Inhale deeply, unite our numerical expertise and logical reasoning, and pursue precision and accuracy in our calculations to swiftly and accurately solve the problem, while methodically approaching the task', "Let's first understand the problem, extract relevant variables and their corresponding numerals, and make a complete plan. Then, let's carry out the plan, calculate intermediate variables (pay attention to correct numerical calculation and commonsense), solve the problem step by step, and show the answer, but remember to slow down and ensure accuracy in calculations and swift problem-solving", 'Inhale deeply, exhale slowly, and embark on this problem-solving journey with a step-by-step mindset, while breathing deeply, methodically approaching the problem, and striving for accuracy and precision in our calculations', 'Breathe, think, and solve the problem methodically, ensuring accuracy and precision in our calculations', "Let's break this problem down into manageable steps and tackle it one step at a time, Socrates", 'Inhale deeply, exhale slowly, and embark on this problem-solving journey with a step-by-step mindset, while breaking the problem down into manageable steps and tackling it one step at a time, Socrates, striving for accuracy and precision in our calculations', 'Break the process into smaller, manageable sections', 'Take a deep breath, think step by step, and approach the problem methodically to ensure accuracy and precision in our calculations', 'Adopting an iterative strategy, we can break down this problem into manageable steps and tackle it one step at a time, Socrates']
21-03 12:54:33 | Arguments: Namespace(task='aqua', use_icl_examples=False, num_icl_examples=1, num_of_samples=35, iterations=20, number_of_mutations=1, seed=0, mutate_population=True, patience=5)
21-03 12:54:33 | Evaluation of the initial population
21-03 14:11:00 | Population: Let's think step by step with fitness 0.2857142857142857
21-03 14:11:00 | Population: Let's first understand the problem and devise a plan to solve the problem. Then, let's carry out the plan and solve the problem step by step with fitness 0.2857142857142857
21-03 14:11:00 | Population: Let's first understand the problem, extract relevant variables and their corresponding numerals, and make a complete plan.Then, let's carry out the plan, calculate intermediate variables (pay attention to correct numerical calculation and commonsense), solve the problem step by step, and show the answer with fitness 0.22857142857142856
21-03 14:11:00 | Population: Let's work this out in a step by step way to be sure we have the right answer with fitness 0.34285714285714286
21-03 14:11:00 | Population: Take a deep breath and work on this problem step-by-step with fitness 0.4
21-03 14:11:00 | Population: Break this down with fitness 0.4
21-03 14:11:00 | Population: A little bit of arithmetic and a logical approach will help us quickly arrive at the solution to this problem with fitness 0.22857142857142856
21-03 14:11:00 | Population: Let's combine our numerical command and clear thinking to quickly and accurately decipher the answer with fitness 0.2
21-03 14:11:00 | Population: Let's be very precise and accurate in our calculations with fitness 0.2857142857142857
21-03 14:11:00 | Population: Let's create a simplified version of the problem to gain insights and test potential solutions with fitness 0.22857142857142856
21-03 14:11:00 | Population: Embark on a journey to derive the solution to this problem with fitness 0.22857142857142856
21-03 14:11:00 | Population: Compute the solution with a calculated, stepwise approach with fitness 0.2571428571428571
21-03 14:11:00 | Population: Our approach will be to methodically work through the problem, ensuring accuracy at each step to derive the correct answer with fitness 0.34285714285714286
21-03 14:11:00 | Population: Slow down, let's break this down into manageable steps with fitness 0.34285714285714286
21-03 14:11:00 | Population: Inhale deeply, exhale slowly, and embark on this problem-solving journey with a step-by-step mindset with fitness 0.2857142857142857
21-03 14:11:00 | Population: This is very important to my career with fitness 0.3142857142857143
21-03 14:11:00 | Population: Focus on the problem and work through it step by step with fitness 0.22857142857142856
21-03 14:11:00 | Population: Let's dive in this challenge and find the right answer with fitness 0.17142857142857143
21-03 14:11:00 | Genetic Algorithms starts
21-03 14:15:37 | Generation 1 Crossover: "By simplifying the problem and utilizing a logical approach, we can efficiently uncover the solution and assess various strategies" | Fitness: 0.2857142857142857
21-03 14:24:16 | Generation 1 Mutation: "By analyzing the problem's components and adopting a logical framework, we can skillfully unveil the solution and scrutinize a range of approaches" | Fitness: 0.2571428571428571
21-03 14:24:16 | Generation 1 Mutation: "Comprehend the issue, pinpoint essential variables and their quantities, and devise a thorough plan. Proceed with the plan, determine intermediate variables (maintain precise numerical operations and sound logic), tackle the problem step by step, and reveal the solution" | Fitness: 0.17142857142857143
21-03 14:24:16 | Generation 1: Best prompt: "Take a deep breath and work on this problem step-by-step" | Fitness 0.4
21-03 14:29:00 | Generation 2 Crossover: "By employing a stepwise, calculated approach, harnessing our numerical command, and applying clear thinking, we can swiftly and accurately determine the solution" | Fitness: 0.2571428571428571
21-03 14:33:10 | Generation 2 Mutation: "Break down the problem and strategize to find the solution" | Fitness: 0.2
21-03 14:33:10 | Generation 2: Best prompt: "Take a deep breath and work on this problem step-by-step" | Fitness 0.4
21-03 14:37:34 | Generation 3 Crossover: "A step-by-step logical approach to arithmetic will help us quickly arrive at the solution to this problem" | Fitness: 0.22857142857142856
21-03 14:41:51 | Generation 3 Mutation: "Recognize the central challenge and outline a systematic approach to tackle it" | Fitness: 0.2857142857142857
21-03 14:41:51 | Generation 3: Best prompt: "Take a deep breath and work on this problem step-by-step" | Fitness 0.4
21-03 14:46:34 | Generation 4 Crossover: "As we think step by step about my career, let's consider what's very important to it" | Fitness: 0.2571428571428571
21-03 14:55:11 | Generation 4 Mutation: "As we delve into the core elements of my career journey, let's examine the critical factors that significantly shape its trajectory and development" | Fitness: 0.22857142857142856
21-03 14:55:11 | Generation 4 Mutation: "A logical approach and a bit of arithmetic will help us quickly arrive at the solution to this problem, but let's slow down and ensure accuracy in calculations and swift problem-solving" | Fitness: 0.2571428571428571
21-03 14:55:11 | Generation 4: Best prompt: "Take a deep breath and work on this problem step-by-step" | Fitness 0.4
21-03 14:59:50 | Generation 5 Crossover: "Simplify the problem, breathe deeply, and tackle it step by step to discover insights and evaluate possible solutions" | Fitness: 0.34285714285714286
21-03 15:04:06 | Generation 5 Mutation: "Swift and precise actions are crucial for this career-critical situation" | Fitness: 0.22857142857142856
21-03 15:04:06 | Generation 5: Best prompt: "Take a deep breath and work on this problem step-by-step" | Fitness 0.4
21-03 15:08:44 | Generation 6 Crossover: "Breathe deeply, and systematically tackle the problem one step at a time, striving for precision and accuracy to reach the correct solution" | Fitness: 0.2857142857142857
21-03 15:13:06 | Generation 6 Mutation: "Simplify the problem: A logical approach and a bit of arithmetic will help us quickly arrive at the solution to this problem, but let's slow down and ensure accuracy in calculations and swift problem-solving" | Fitness: 0.2857142857142857
21-03 15:13:06 | Generation 6: Best prompt: "Take a deep breath and work on this problem step-by-step" | Fitness 0.4
21-03 15:13:06 | Converged at generation 6 with best prompt: "Take a deep breath and work on this problem step-by-step" | Fitness 0.4
21-03 15:13:06 | The final population is: ["Let's think step by step", "Let's first understand the problem and devise a plan to solve the problem. Then, let's carry out the plan and solve the problem step by step", "Let's first understand the problem, extract relevant variables and their corresponding numerals, and make a complete plan.Then, let's carry out the plan, calculate intermediate variables (pay attention to correct numerical calculation and commonsense), solve the problem step by step, and show the answer", "Let's work this out in a step by step way to be sure we have the right answer", 'Take a deep breath and work on this problem step-by-step', 'Break this down', 'A little bit of arithmetic and a logical approach will help us quickly arrive at the solution to this problem', "Let's combine our numerical command and clear thinking to quickly and accurately decipher the answer", "Let's be very precise and accurate in our calculations", "Let's create a simplified version of the problem to gain insights and test potential solutions", 'Embark on a journey to derive the solution to this problem', 'Compute the solution with a calculated, stepwise approach', 'Our approach will be to methodically work through the problem, ensuring accuracy at each step to derive the correct answer', "Slow down, let's break this down into manageable steps", 'Inhale deeply, exhale slowly, and embark on this problem-solving journey with a step-by-step mindset', 'This is very important to my career', 'Focus on the problem and work through it step by step', "Let's dive in this challenge and find the right answer", 'By simplifying the problem and utilizing a logical approach, we can efficiently uncover the solution and assess various strategies', "By analyzing the problem's components and adopting a logical framework, we can skillfully unveil the solution and scrutinize a range of approaches", 'Comprehend the issue, pinpoint essential variables and their quantities, and devise a thorough plan. Proceed with the plan, determine intermediate variables (maintain precise numerical operations and sound logic), tackle the problem step by step, and reveal the solution', 'By employing a stepwise, calculated approach, harnessing our numerical command, and applying clear thinking, we can swiftly and accurately determine the solution', 'Break down the problem and strategize to find the solution', 'A step-by-step logical approach to arithmetic will help us quickly arrive at the solution to this problem', 'Recognize the central challenge and outline a systematic approach to tackle it', "As we think step by step about my career, let's consider what's very important to it", "As we delve into the core elements of my career journey, let's examine the critical factors that significantly shape its trajectory and development", "A logical approach and a bit of arithmetic will help us quickly arrive at the solution to this problem, but let's slow down and ensure accuracy in calculations and swift problem-solving", 'Simplify the problem, breathe deeply, and tackle it step by step to discover insights and evaluate possible solutions', 'Swift and precise actions are crucial for this career-critical situation', 'Breathe deeply, and systematically tackle the problem one step at a time, striving for precision and accuracy to reach the correct solution', "Simplify the problem: A logical approach and a bit of arithmetic will help us quickly arrive at the solution to this problem, but let's slow down and ensure accuracy in calculations and swift problem-solving"]
21-03 21:05:24 | Arguments: Namespace(task='aqua', use_icl_examples=False, num_icl_examples=1, num_of_samples=35, iterations=20, number_of_mutations=1, seed=0, mutate_population=True, patience=5)
21-03 21:05:24 | Evaluation of the initial population
21-03 22:23:08 | Population: Let's think step by step with fitness 0.2857142857142857
21-03 22:23:08 | Population: Let's first understand the problem and devise a plan to solve the problem. Then, let's carry out the plan and solve the problem step by step with fitness 0.2857142857142857
21-03 22:23:08 | Population: Let's first understand the problem, extract relevant variables and their corresponding numerals, and make a complete plan.Then, let's carry out the plan, calculate intermediate variables (pay attention to correct numerical calculation and commonsense), solve the problem step by step, and show the answer with fitness 0.22857142857142856
21-03 22:23:08 | Population: Let's work this out in a step by step way to be sure we have the right answer with fitness 0.34285714285714286
21-03 22:23:08 | Population: Take a deep breath and work on this problem step-by-step with fitness 0.4
21-03 22:23:08 | Population: Break this down with fitness 0.4
21-03 22:23:08 | Population: A little bit of arithmetic and a logical approach will help us quickly arrive at the solution to this problem with fitness 0.22857142857142856
21-03 22:23:08 | Population: Let's combine our numerical command and clear thinking to quickly and accurately decipher the answer with fitness 0.2
21-03 22:23:08 | Population: Let's be very precise and accurate in our calculations with fitness 0.2857142857142857
21-03 22:23:08 | Population: Let's create a simplified version of the problem to gain insights and test potential solutions with fitness 0.22857142857142856
21-03 22:23:08 | Population: Embark on a journey to derive the solution to this problem with fitness 0.22857142857142856
21-03 22:23:08 | Population: Compute the solution with a calculated, stepwise approach with fitness 0.2571428571428571
21-03 22:23:08 | Population: Our approach will be to methodically work through the problem, ensuring accuracy at each step to derive the correct answer with fitness 0.34285714285714286
21-03 22:23:08 | Population: Slow down, let's break this down into manageable steps with fitness 0.34285714285714286
21-03 22:23:08 | Population: Inhale deeply, exhale slowly, and embark on this problem-solving journey with a step-by-step mindset with fitness 0.2857142857142857
21-03 22:23:08 | Population: This is very important to my career with fitness 0.3142857142857143
21-03 22:23:08 | Population: Focus on the problem and work through it step by step with fitness 0.22857142857142856
21-03 22:23:08 | Population: Let's dive in this challenge and find the right answer with fitness 0.17142857142857143
21-03 22:23:08 | Genetic Algorithms starts
21-03 22:27:50 | Generation 1 Crossover: "Embark on a step-by-step journey to focus on the problem and derive the solution" | Fitness: 0.2571428571428571
21-03 22:32:03 | Generation 1 Mutation: "Calculate the result using a step-by-step method, ensuring accuracy and efficiency by working this out in a step by step way to be sure we have the right answer" | Fitness: 0.3142857142857143
21-03 22:32:03 | Generation 1: Best prompt: "Take a deep breath and work on this problem step-by-step" | Fitness 0.4
21-03 22:36:31 | Generation 2 Crossover: "Let's focus on the problem with precision and accuracy, breaking it down step by step" | Fitness: 0.3142857142857143
21-03 22:40:54 | Generation 2 Mutation: "Take a deep breath, break down the problem, and ensure accuracy at each step to derive the correct answer, and then apply logical reasoning to confirm the solution" | Fitness: 0.3142857142857143
21-03 22:40:54 | Generation 2: Best prompt: "Take a deep breath and work on this problem step-by-step" | Fitness 0.4
21-03 22:45:52 | Generation 3 Crossover: "Concentrate on the challenge and systematically dissect it into manageable steps" | Fitness: 0.37142857142857144
21-03 22:55:07 | Generation 3 Mutation: "Divide the challenge into smaller, manageable tasks to facilitate concentration and comprehension" | Fitness: 0.22857142857142856
21-03 22:55:07 | Generation 3 Mutation: "Let's work this out in a step by step way to be sure we have the right answer: first, identify the main components of the problem; second, analyze each component and its relationship to the whole; third, develop a plan to address each component; fourth, execute the plan and monitor progress; fifth, evaluate the results and adjust the plan as needed" | Fitness: 0.2571428571428571
21-03 22:55:07 | Generation 3: Best prompt: "Take a deep breath and work on this problem step-by-step" | Fitness 0.4
21-03 22:59:44 | Generation 4 Crossover: "In order to advance my career, let's dive into this important challenge and find the right answer" | Fitness: 0.2571428571428571
21-03 23:04:06 | Generation 4 Mutation: "Approach each challenge with a can-do attitude, inhale deeply, and strategically break this problem down step by step" | Fitness: 0.37142857142857144
21-03 23:04:06 | Generation 4: Best prompt: "Take a deep breath and work on this problem step-by-step" | Fitness 0.4
21-03 23:08:57 | Generation 5 Crossover: "By breaking the challenge into smaller tasks and applying a logical approach with arithmetic, we can efficiently concentrate and comprehend the problem, leading to a quicker solution" | Fitness: 0.2857142857142857
21-03 23:17:43 | Generation 5 Mutation: "By dissecting the challenge into smaller, approachable segments and utilizing a methodical, arithmetic-centered methodology, we can efficiently concentrate and comprehend the problem, ultimately leading to a swifter resolution" | Fitness: 0.2571428571428571
21-03 23:17:43 | Generation 5 Mutation: "To avoid rushing, let's break it down step by step and ensure we're on the right path" | Fitness: 0.3142857142857143
21-03 23:17:43 | Generation 5: Best prompt: "Take a deep breath and work on this problem step-by-step" | Fitness 0.4
21-03 23:22:24 | Generation 6 Crossover: "Inhale deeply, exhale slowly, and tackle this challenge with a step-by-step strategy, breaking it down into manageable parts for a mindful problem-solving journey" | Fitness: 0.34285714285714286
21-03 23:26:53 | Generation 6 Mutation: "To accomplish our goals, let's break this down into manageable steps and strategize effectively to stay on course" | Fitness: 0.3142857142857143
21-03 23:26:53 | Generation 6: Best prompt: "Take a deep breath and work on this problem step-by-step" | Fitness 0.4
21-03 23:26:53 | Converged at generation 6 with best prompt: "Take a deep breath and work on this problem step-by-step" | Fitness 0.4
21-03 23:26:53 | The final population is: ["Let's think step by step", "Let's first understand the problem and devise a plan to solve the problem. Then, let's carry out the plan and solve the problem step by step", "Let's first understand the problem, extract relevant variables and their corresponding numerals, and make a complete plan.Then, let's carry out the plan, calculate intermediate variables (pay attention to correct numerical calculation and commonsense), solve the problem step by step, and show the answer", "Let's work this out in a step by step way to be sure we have the right answer", 'Take a deep breath and work on this problem step-by-step', 'Break this down', 'A little bit of arithmetic and a logical approach will help us quickly arrive at the solution to this problem', "Let's combine our numerical command and clear thinking to quickly and accurately decipher the answer", "Let's be very precise and accurate in our calculations", "Let's create a simplified version of the problem to gain insights and test potential solutions", 'Embark on a journey to derive the solution to this problem', 'Compute the solution with a calculated, stepwise approach', 'Our approach will be to methodically work through the problem, ensuring accuracy at each step to derive the correct answer', "Slow down, let's break this down into manageable steps", 'Inhale deeply, exhale slowly, and embark on this problem-solving journey with a step-by-step mindset', 'This is very important to my career', 'Focus on the problem and work through it step by step', "Let's dive in this challenge and find the right answer", 'Embark on a step-by-step journey to focus on the problem and derive the solution', 'Calculate the result using a step-by-step method, ensuring accuracy and efficiency by working this out in a step by step way to be sure we have the right answer', "Let's focus on the problem with precision and accuracy, breaking it down step by step", 'Take a deep breath, break down the problem, and ensure accuracy at each step to derive the correct answer, and then apply logical reasoning to confirm the solution', 'Concentrate on the challenge and systematically dissect it into manageable steps', 'Divide the challenge into smaller, manageable tasks to facilitate concentration and comprehension', "Let's work this out in a step by step way to be sure we have the right answer: first, identify the main components of the problem; second, analyze each component and its relationship to the whole; third, develop a plan to address each component; fourth, execute the plan and monitor progress; fifth, evaluate the results and adjust the plan as needed", "In order to advance my career, let's dive into this important challenge and find the right answer", 'Approach each challenge with a can-do attitude, inhale deeply, and strategically break this problem down step by step', 'By breaking the challenge into smaller tasks and applying a logical approach with arithmetic, we can efficiently concentrate and comprehend the problem, leading to a quicker solution', 'By dissecting the challenge into smaller, approachable segments and utilizing a methodical, arithmetic-centered methodology, we can efficiently concentrate and comprehend the problem, ultimately leading to a swifter resolution', "To avoid rushing, let's break it down step by step and ensure we're on the right path", 'Inhale deeply, exhale slowly, and tackle this challenge with a step-by-step strategy, breaking it down into manageable parts for a mindful problem-solving journey', "To accomplish our goals, let's break this down into manageable steps and strategize effectively to stay on course"]
22-03 10:55:22 | Arguments: Namespace(task='aqua', use_icl_examples=False, num_icl_examples=1, num_of_samples=35, iterations=20, number_of_mutations=1, seed=0, mutate_population=True, patience=5)
22-03 10:55:22 | Evaluation of the initial population
22-03 10:58:17 | Arguments: Namespace(task='aqua', use_icl_examples=False, num_icl_examples=1, num_of_samples=35, iterations=20, number_of_mutations=1, seed=0, mutate_population=True, patience=5)
22-03 10:58:17 | Evaluation of the initial population
22-03 12:10:20 | Population: Let's think step by step with fitness 0.2857142857142857
22-03 12:10:20 | Population: Let's first understand the problem and devise a plan to solve the problem. Then, let's carry out the plan and solve the problem step by step with fitness 0.2857142857142857
22-03 12:10:20 | Population: Let's first understand the problem, extract relevant variables and their corresponding numerals, and make a complete plan.Then, let's carry out the plan, calculate intermediate variables (pay attention to correct numerical calculation and commonsense), solve the problem step by step, and show the answer with fitness 0.22857142857142856
22-03 12:10:20 | Population: Let's work this out in a step by step way to be sure we have the right answer with fitness 0.34285714285714286
22-03 12:10:20 | Population: Take a deep breath and work on this problem step-by-step with fitness 0.4
22-03 12:10:20 | Population: Break this down with fitness 0.4
22-03 12:10:20 | Population: A little bit of arithmetic and a logical approach will help us quickly arrive at the solution to this problem with fitness 0.22857142857142856
22-03 12:10:20 | Population: Let's combine our numerical command and clear thinking to quickly and accurately decipher the answer with fitness 0.2
22-03 12:10:20 | Population: Let's be very precise and accurate in our calculations with fitness 0.2857142857142857
22-03 12:10:20 | Population: Let's create a simplified version of the problem to gain insights and test potential solutions with fitness 0.22857142857142856
22-03 12:10:20 | Population: Embark on a journey to derive the solution to this problem with fitness 0.22857142857142856
22-03 12:10:20 | Population: Compute the solution with a calculated, stepwise approach with fitness 0.2571428571428571
22-03 12:10:20 | Population: Our approach will be to methodically work through the problem, ensuring accuracy at each step to derive the correct answer with fitness 0.34285714285714286
22-03 12:10:20 | Population: Slow down, let's break this down into manageable steps with fitness 0.34285714285714286
22-03 12:10:20 | Population: Inhale deeply, exhale slowly, and embark on this problem-solving journey with a step-by-step mindset with fitness 0.2857142857142857
22-03 12:10:20 | Population: Let's dive in this challenge and find the right answer with fitness 0.17142857142857143
22-03 12:10:20 | Population: You can do this! Be careful in the calculations. with fitness 0.22857142857142856
22-03 12:10:20 | Genetic Algorithms starts
22-03 12:14:43 | Generation 1 Crossover: "Take it step by step, be cautious in your calculations and progress" | Fitness: 0.2857142857142857
22-03 12:18:50 | Generation 1 Mutation: "Let's join forces to devise a concise strategy for the challenge, cultivating an optimistic outlook and discovering innovative approaches" | Fitness: 0.2571428571428571
22-03 12:18:50 | Generation 1: Best prompt: "Take a deep breath and work on this problem step-by-step" | Fitness 0.4
22-03 12:23:10 | Generation 2 Crossover: "Combining our numerical prowess and logical reasoning, let's embark on a journey to swiftly and accurately unravel the solution to this problem" | Fitness: 0.2571428571428571
22-03 12:31:07 | Generation 2 Mutation: "With precision and expediency, let's employ our numerical expertise and logical acumen to rapidly discover the solution to this challenge" | Fitness: 0.3142857142857143
22-03 12:31:07 | Generation 2 Mutation: "Let's rapidly grasp the issue, zero in on crucial variables and their numeric representations, and formulate a succinct strategy. Subsequently, let's carry out the strategy, perform intermediate variable calculations (with attention to correct numerical procedures and logical consistency), address the problem step by step, and reveal the answer" | Fitness: 0.2571428571428571
22-03 12:31:07 | Generation 2: Best prompt: "Take a deep breath and work on this problem step-by-step" | Fitness 0.4
22-03 12:35:53 | Generation 3 Crossover: "With precision and expediency, let's first understand the problem, extract relevant variables and their corresponding numerals, and make a complete plan. Then, employing our numerical expertise and logical acumen, let's carry out the plan, calculate intermediate variables (pay attention to correct numerical calculation and commonsense), solve the problem step by step, and rapidly discover the solution to this challenge" | Fitness: 0.2571428571428571
22-03 12:44:24 | Generation 3 Mutation: "With precision and expediency, let's first understand the problem, extract relevant variables and their corresponding numerals, and make a complete plan. Then, employing our numerical expertise and logical acumen, let's carry out the plan, calculate intermediate variables (paying attention to correct numerical calculation and commonsense), solve the problem step by step, and rapidly discover the solution to this challenge" | Fitness: 0.2571428571428571
22-03 12:44:24 | Generation 3 Mutation: "Pause and reflect on each step to avoid rushing through the process" | Fitness: 0.3142857142857143
22-03 12:44:24 | Generation 3: Best prompt: "Take a deep breath and work on this problem step-by-step" | Fitness 0.4
22-03 12:49:14 | Generation 4 Crossover: "By first understanding the problem and extracting relevant variables and their corresponding numerals, we can create a comprehensive plan. With a logical approach and a bit of arithmetic, we can efficiently arrive at the solution. As we carry out the plan, we'll calculate intermediate variables, paying attention to correct numerical calculation and commonsense, and solve the problem step by step, ultimately showing the answer" | Fitness: 0.2571428571428571
22-03 12:58:13 | Generation 4 Mutation: "By swiftly identifying the core issue and pinpointing essential variables with their respective numeric values, we can devise a concise strategy. Employing logical reasoning and a touch of arithmetic, we can rapidly reach the solution. As we execute the plan, we'll monitor intermediate variables, ensuring accurate numerical computation and practicality, and tackle the problem methodically, ultimately revealing the answer" | Fitness: 0.2571428571428571
22-03 12:58:13 | Generation 4 Mutation: "Let's first understand the problem and devise a plan to solve the problem. Then, let's carry out the plan and solve the problem step by step, but remember to slow down and ensure each step is thoroughly understood before moving on to the next one, as this will help us avoid potential mistakes and misunderstandings" | Fitness: 0.2571428571428571
22-03 12:58:13 | Generation 4: Best prompt: "Take a deep breath and work on this problem step-by-step" | Fitness 0.4
22-03 13:03:20 | Generation 5 Crossover: "Calculate the solution stepwise, taking time to reflect on each step to ensure a thorough understanding of the process and avoid rushing through it" | Fitness: 0.3142857142857143
22-03 13:11:47 | Generation 5 Mutation: "Approach each step with eagerness and mindfulness, taking the time to fully grasp the process and avoid rushing through it" | Fitness: 0.34285714285714286
22-03 13:11:47 | Generation 5 Mutation: "Let's break this down into manageable steps, fostering a collaborative spirit and generating creative solutions" | Fitness: 0.3142857142857143
22-03 13:11:47 | Generation 5: Best prompt: "Take a deep breath and work on this problem step-by-step" | Fitness 0.4
22-03 13:16:20 | Generation 6 Crossover: "Let's dive in this challenge step by step together to find the right answer" | Fitness: 0.2
22-03 13:20:43 | Generation 6 Mutation: "Take a deep breath, release it slowly, and begin your problem-solving process with a systematic perspective: Our approach will be to methodically work through the problem" | Fitness: 0.3142857142857143
22-03 13:20:43 | Generation 6: Best prompt: "Take a deep breath and work on this problem step-by-step" | Fitness 0.4
22-03 13:20:43 | Converged at generation 6 with best prompt: "Take a deep breath and work on this problem step-by-step" | Fitness 0.4
22-03 13:20:43 | The final population is: ["Let's think step by step", "Let's first understand the problem and devise a plan to solve the problem. Then, let's carry out the plan and solve the problem step by step", "Let's first understand the problem, extract relevant variables and their corresponding numerals, and make a complete plan.Then, let's carry out the plan, calculate intermediate variables (pay attention to correct numerical calculation and commonsense), solve the problem step by step, and show the answer", "Let's work this out in a step by step way to be sure we have the right answer", 'Take a deep breath and work on this problem step-by-step', 'Break this down', 'A little bit of arithmetic and a logical approach will help us quickly arrive at the solution to this problem', "Let's combine our numerical command and clear thinking to quickly and accurately decipher the answer", "Let's be very precise and accurate in our calculations", "Let's create a simplified version of the problem to gain insights and test potential solutions", 'Embark on a journey to derive the solution to this problem', 'Compute the solution with a calculated, stepwise approach', 'Our approach will be to methodically work through the problem, ensuring accuracy at each step to derive the correct answer', "Slow down, let's break this down into manageable steps", 'Inhale deeply, exhale slowly, and embark on this problem-solving journey with a step-by-step mindset', "Let's dive in this challenge and find the right answer", 'You can do this! Be careful in the calculations.', 'Take it step by step, be cautious in your calculations and progress', "Let's join forces to devise a concise strategy for the challenge, cultivating an optimistic outlook and discovering innovative approaches", "Combining our numerical prowess and logical reasoning, let's embark on a journey to swiftly and accurately unravel the solution to this problem", "With precision and expediency, let's employ our numerical expertise and logical acumen to rapidly discover the solution to this challenge", "Let's rapidly grasp the issue, zero in on crucial variables and their numeric representations, and formulate a succinct strategy. Subsequently, let's carry out the strategy, perform intermediate variable calculations (with attention to correct numerical procedures and logical consistency), address the problem step by step, and reveal the answer", "With precision and expediency, let's first understand the problem, extract relevant variables and their corresponding numerals, and make a complete plan. Then, employing our numerical expertise and logical acumen, let's carry out the plan, calculate intermediate variables (pay attention to correct numerical calculation and commonsense), solve the problem step by step, and rapidly discover the solution to this challenge", "With precision and expediency, let's first understand the problem, extract relevant variables and their corresponding numerals, and make a complete plan. Then, employing our numerical expertise and logical acumen, let's carry out the plan, calculate intermediate variables (paying attention to correct numerical calculation and commonsense), solve the problem step by step, and rapidly discover the solution to this challenge", 'Pause and reflect on each step to avoid rushing through the process', "By first understanding the problem and extracting relevant variables and their corresponding numerals, we can create a comprehensive plan. With a logical approach and a bit of arithmetic, we can efficiently arrive at the solution. As we carry out the plan, we'll calculate intermediate variables, paying attention to correct numerical calculation and commonsense, and solve the problem step by step, ultimately showing the answer", "By swiftly identifying the core issue and pinpointing essential variables with their respective numeric values, we can devise a concise strategy. Employing logical reasoning and a touch of arithmetic, we can rapidly reach the solution. As we execute the plan, we'll monitor intermediate variables, ensuring accurate numerical computation and practicality, and tackle the problem methodically, ultimately revealing the answer", "Let's first understand the problem and devise a plan to solve the problem. Then, let's carry out the plan and solve the problem step by step, but remember to slow down and ensure each step is thoroughly understood before moving on to the next one, as this will help us avoid potential mistakes and misunderstandings", 'Calculate the solution stepwise, taking time to reflect on each step to ensure a thorough understanding of the process and avoid rushing through it', 'Approach each step with eagerness and mindfulness, taking the time to fully grasp the process and avoid rushing through it', "Let's break this down into manageable steps, fostering a collaborative spirit and generating creative solutions", "Let's dive in this challenge step by step together to find the right answer", 'Take a deep breath, release it slowly, and begin your problem-solving process with a systematic perspective: Our approach will be to methodically work through the problem']
22-03 18:48:39 | Arguments: Namespace(task='aqua', use_icl_examples=False, num_icl_examples=1, num_of_samples=35, iterations=20, number_of_mutations=1, seed=0, mutate_population=True, patience=5)
22-03 18:48:39 | Evaluation of the initial population
22-03 20:02:29 | Population: Let's think step by step with fitness 0.2857142857142857
22-03 20:02:29 | Population: Let's first understand the problem and devise a plan to solve the problem. Then, let's carry out the plan and solve the problem step by step with fitness 0.2857142857142857
22-03 20:02:29 | Population: Let's first understand the problem, extract relevant variables and their corresponding numerals, and make a complete plan.Then, let's carry out the plan, calculate intermediate variables (pay attention to correct numerical calculation and commonsense), solve the problem step by step, and show the answer with fitness 0.22857142857142856
22-03 20:02:29 | Population: Let's work this out in a step by step way to be sure we have the right answer with fitness 0.34285714285714286
22-03 20:02:29 | Population: Take a deep breath and work on this problem step-by-step with fitness 0.4
22-03 20:02:29 | Population: Break this down with fitness 0.4
22-03 20:02:29 | Population: A little bit of arithmetic and a logical approach will help us quickly arrive at the solution to this problem with fitness 0.22857142857142856
22-03 20:02:29 | Population: Let's combine our numerical command and clear thinking to quickly and accurately decipher the answer with fitness 0.2
22-03 20:02:29 | Population: Let's be very precise and accurate in our calculations with fitness 0.2857142857142857
22-03 20:02:29 | Population: Let's create a simplified version of the problem to gain insights and test potential solutions with fitness 0.22857142857142856
22-03 20:02:29 | Population: Embark on a journey to derive the solution to this problem with fitness 0.22857142857142856
22-03 20:02:29 | Population: Compute the solution with a calculated, stepwise approach with fitness 0.2571428571428571
22-03 20:02:29 | Population: Our approach will be to methodically work through the problem, ensuring accuracy at each step to derive the correct answer with fitness 0.34285714285714286
22-03 20:02:29 | Population: Slow down, let's break this down into manageable steps with fitness 0.34285714285714286
22-03 20:02:29 | Population: Inhale deeply, exhale slowly, and embark on this problem-solving journey with a step-by-step mindset with fitness 0.2857142857142857
22-03 20:02:29 | Population: Let's dive in this challenge and find the right answer with fitness 0.17142857142857143
22-03 20:02:29 | Population: You can do this! Be careful in the calculations. with fitness 0.22857142857142856
22-03 20:02:29 | Genetic Algorithms starts
22-03 20:07:33 | Generation 1 Crossover: "Take a deep breath, focus, and meticulously work on this problem step-by-step while being cautious in the calculations." | Fitness: 0.3142857142857143
22-03 20:16:14 | Generation 1 Mutation: "Breathe in, focus, and systematically approach this issue with care in your computations" | Fitness: 0.2857142857142857
22-03 20:16:14 | Generation 1 Mutation: "Embrace a positive attitude and strategic thinking as you tackle the problem, ensuring accuracy at each step to derive the correct answer, while being cautious in your calculations" | Fitness: 0.2857142857142857
22-03 20:16:14 | Generation 1: Best prompt: "Take a deep breath and work on this problem step-by-step" | Fitness 0.4
22-03 20:21:04 | Generation 2 Crossover: "Let's think step by step to ensure we arrive at the correct answer" | Fitness: 0.3142857142857143
22-03 20:25:53 | Generation 2 Mutation: "Embark on a journey to derive the solution to this problem, but remember to slow down and take your time to understand each step thoroughly, ensuring that you have a solid foundation before moving forward" | Fitness: 0.2571428571428571
22-03 20:25:53 | Generation 2: Best prompt: "Take a deep breath and work on this problem step-by-step" | Fitness 0.4
22-03 20:30:45 | Generation 3 Crossover: "Let's think step by step, embracing a positive attitude and strategic thinking as you tackle the problem, ensuring accuracy at each step to derive the correct answer, while being cautious in your calculations" | Fitness: 0.34285714285714286
22-03 20:39:49 | Generation 3 Mutation: "Approach the problem with a step-by-step mindset, a positive attitude, and strategic thinking, ensuring accuracy and precision at each step to derive the correct answer, while remaining cautious in your calculations" | Fitness: 0.3142857142857143
22-03 20:39:49 | Generation 3 Mutation: "Carefully dissecting the problem into smaller, manageable parts, while ensuring accuracy at each step to derive the correct answer" | Fitness: 0.2857142857142857
22-03 20:39:49 | Generation 3: Best prompt: "Take a deep breath and work on this problem step-by-step" | Fitness 0.4
22-03 20:44:47 | Generation 4 Crossover: "Our approach will be to meticulously work through the problem, ensuring precise and accurate calculations to derive the correct answer" | Fitness: 0.2857142857142857
22-03 20:53:31 | Generation 4 Mutation: "Our approach will be to enthusiastically tackle the problem, employing innovative and efficient methods to uncover the correct answer" | Fitness: 0.2857142857142857
22-03 20:53:31 | Generation 4 Mutation: "Together, let's explore the challenge, pinpoint essential elements and their quantities, and establish a thorough approach. Once we've done that, let's put our plan into action, keep track of our advancements (while maintaining precise numerical operations and sound logic), and address the problem methodically, ultimately unveiling the answer" | Fitness: 0.2857142857142857
22-03 20:53:31 | Generation 4: Best prompt: "Take a deep breath and work on this problem step-by-step" | Fitness 0.4
22-03 20:58:32 | Generation 5 Crossover: "Let's break down our calculations into manageable steps while maintaining precision and accuracy" | Fitness: 0.34285714285714286
22-03 21:03:16 | Generation 5 Mutation: "Take a deep breath, gather your thoughts, and systematically break down the problem into smaller, manageable parts before methodically working through each step to find a solution" | Fitness: 0.3142857142857143
22-03 21:03:16 | Generation 5: Best prompt: "Take a deep breath and work on this problem step-by-step" | Fitness 0.4
22-03 21:08:10 | Generation 6 Crossover: "By taking a deep breath and working on the problem step-by-step, we will enthusiastically tackle the issue, utilizing creative and efficient strategies to reveal the accurate solution" | Fitness: 0.2
22-03 21:16:15 | Generation 6 Mutation: "By adopting a methodical plan and fostering a constructive mindset, we will persistently confront the obstacle, leveraging inventive and practical methods to discover the definitive resolution" | Fitness: 0.2857142857142857
22-03 21:16:15 | Generation 6 Mutation: "By combining arithmetic and logical reasoning, we can effectively discover the solution to this problem, cultivating a constructive outlook and tactical perspective" | Fitness: 0.3142857142857143
22-03 21:16:15 | Generation 6: Best prompt: "Take a deep breath and work on this problem step-by-step" | Fitness 0.4
22-03 21:16:15 | Converged at generation 6 with best prompt: "Take a deep breath and work on this problem step-by-step" | Fitness 0.4
22-03 21:16:15 | The final population is: ["Let's think step by step", "Let's first understand the problem and devise a plan to solve the problem. Then, let's carry out the plan and solve the problem step by step", "Let's first understand the problem, extract relevant variables and their corresponding numerals, and make a complete plan.Then, let's carry out the plan, calculate intermediate variables (pay attention to correct numerical calculation and commonsense), solve the problem step by step, and show the answer", "Let's work this out in a step by step way to be sure we have the right answer", 'Take a deep breath and work on this problem step-by-step', 'Break this down', 'A little bit of arithmetic and a logical approach will help us quickly arrive at the solution to this problem', "Let's combine our numerical command and clear thinking to quickly and accurately decipher the answer", "Let's be very precise and accurate in our calculations", "Let's create a simplified version of the problem to gain insights and test potential solutions", 'Embark on a journey to derive the solution to this problem', 'Compute the solution with a calculated, stepwise approach', 'Our approach will be to methodically work through the problem, ensuring accuracy at each step to derive the correct answer', "Slow down, let's break this down into manageable steps", 'Inhale deeply, exhale slowly, and embark on this problem-solving journey with a step-by-step mindset', "Let's dive in this challenge and find the right answer", 'You can do this! Be careful in the calculations.', 'Take a deep breath, focus, and meticulously work on this problem step-by-step while being cautious in the calculations.', 'Breathe in, focus, and systematically approach this issue with care in your computations', 'Embrace a positive attitude and strategic thinking as you tackle the problem, ensuring accuracy at each step to derive the correct answer, while being cautious in your calculations', "Let's think step by step to ensure we arrive at the correct answer", 'Embark on a journey to derive the solution to this problem, but remember to slow down and take your time to understand each step thoroughly, ensuring that you have a solid foundation before moving forward', "Let's think step by step, embracing a positive attitude and strategic thinking as you tackle the problem, ensuring accuracy at each step to derive the correct answer, while being cautious in your calculations", 'Approach the problem with a step-by-step mindset, a positive attitude, and strategic thinking, ensuring accuracy and precision at each step to derive the correct answer, while remaining cautious in your calculations', 'Carefully dissecting the problem into smaller, manageable parts, while ensuring accuracy at each step to derive the correct answer', 'Our approach will be to meticulously work through the problem, ensuring precise and accurate calculations to derive the correct answer', 'Our approach will be to enthusiastically tackle the problem, employing innovative and efficient methods to uncover the correct answer', "Together, let's explore the challenge, pinpoint essential elements and their quantities, and establish a thorough approach. Once we've done that, let's put our plan into action, keep track of our advancements (while maintaining precise numerical operations and sound logic), and address the problem methodically, ultimately unveiling the answer", "Let's break down our calculations into manageable steps while maintaining precision and accuracy", 'Take a deep breath, gather your thoughts, and systematically break down the problem into smaller, manageable parts before methodically working through each step to find a solution', 'By taking a deep breath and working on the problem step-by-step, we will enthusiastically tackle the issue, utilizing creative and efficient strategies to reveal the accurate solution', 'By adopting a methodical plan and fostering a constructive mindset, we will persistently confront the obstacle, leveraging inventive and practical methods to discover the definitive resolution', 'By combining arithmetic and logical reasoning, we can effectively discover the solution to this problem, cultivating a constructive outlook and tactical perspective']
