26-03 11:29:06 | Arguments: Namespace(task='social_iqa', use_icl_examples=False, num_icl_examples=1, num_of_samples=35, iterations=20, number_of_mutations=1, seed=0, mutate_population=True, patience=5)
26-03 11:29:06 | Evaluation of the initial population
26-03 12:10:53 | Population: Let's think step by step with fitness 0.5142857142857142
26-03 12:10:53 | Population: Let's devise a plan and solve the problem step by step with fitness 0.3142857142857143
26-03 12:10:53 | Population: Let's first prepare relevant information and make a plan. Then, let's answer the question step by step (pay attention to commonsense and logical coherence) with fitness 0.4
26-03 12:10:53 | Population: Let's work this out in a step by step way to be sure we have the right answer with fitness 0.4
26-03 12:10:53 | Population: Take a deep breath and work on this problem step-by-step with fitness 0.4857142857142857
26-03 12:10:53 | Population: Analyze this step by step with fitness 0.2857142857142857
26-03 12:10:53 | Population: Start by dissecting the problem into its components, then address each part methodically with fitness 0.4
26-03 12:10:53 | Population: Let's approach this methodically, breaking it into smaller tasks with fitness 0.34285714285714286
26-03 12:10:53 | Population: Dissect the problem carefully, address each part with fitness 0.4857142857142857
26-03 12:10:53 | Population: Let's dive in and solve this challenge step by step with fitness 0.42857142857142855
26-03 12:10:53 | Population: Approach the problem with a keen eye for detail and methodical precision with fitness 0.42857142857142855
26-03 12:10:53 | Population: Embark on a quest for understanding, traversing the problem landscape with curiosity and logic with fitness 0.4857142857142857
26-03 12:10:53 | Population: Your attention to detail here would mean everything with fitness 0.42857142857142855
26-03 12:10:53 | Population: Please, let's focus and ensure we get the correct answer with fitness 0.4
26-03 12:10:53 | Population: Ensure that you read the question carefully and understand the problem before attempting to solve it with fitness 0.4
26-03 12:10:53 | Genetic Algorithms starts
26-03 12:13:37 | Generation 1 Crossover: "Let's analyze the problem step by step and devise a plan accordingly" | Fitness: 0.4857142857142857
26-03 12:16:19 | Generation 1 Mutation: "In order to solve a problem effectively, one must first carefully read and understand the question, then break it down into smaller parts, and address each part methodically, ensuring a comprehensive comprehension of the problem before attempting to find a solution" | Fitness: 0.45714285714285713
26-03 12:16:19 | Generation 1: Best prompt: "Let's think step by step" | Fitness 0.5142857142857142
26-03 12:18:56 | Generation 2 Crossover: "Embark on a quest for understanding, traversing the problem landscape with curiosity, keen eye for detail, and methodical precision, while employing logic to guide your path" | Fitness: 0.4857142857142857
26-03 12:24:18 | Generation 2 Mutation: "Embark on a swift, logical quest to unravel mysteries, harnessing curiosity, precision, and systematic exploration to traverse the problem landscape" | Fitness: 0.5428571428571428
26-03 12:24:18 | Generation 2 Mutation: "Working on this problem step-by-step ensures a thorough understanding of the details" | Fitness: 0.42857142857142855
26-03 12:24:18 | Generation 2: Best prompt: "Embark on a swift, logical quest to unravel mysteries, harnessing curiosity, precision, and systematic exploration to traverse the problem landscape" | Fitness 0.5428571428571428
26-03 12:28:50 | Generation 3 Crossover: "Let's devise a step-by-step plan to carefully dissect the problem and address each part" | Fitness: 0.34285714285714286
26-03 12:32:08 | Generation 3 Mutation: "Embark on a quest for understanding: Focus on the logical steps to ensure we get the correct answer" | Fitness: 0.37142857142857144
26-03 12:32:08 | Generation 3: Best prompt: "Embark on a swift, logical quest to unravel mysteries, harnessing curiosity, precision, and systematic exploration to traverse the problem landscape" | Fitness 0.5428571428571428
26-03 12:34:44 | Generation 4 Crossover: "Embark on a swift, logical quest to unravel mysteries, traversing the problem landscape with curiosity, precision, and systematic exploration" | Fitness: 0.5428571428571428
26-03 12:36:55 | Generation 4 Mutation: "Embark on a quest for understanding, fostering a spirit of inquiry and resilience, while employing analytical skills to illuminate the intricacies of wisdom" | Fitness: 0.5428571428571428
26-03 12:36:55 | Generation 4: Best prompt: "Embark on a swift, logical quest to unravel mysteries, harnessing curiosity, precision, and systematic exploration to traverse the problem landscape" | Fitness 0.5428571428571428
26-03 12:39:47 | Generation 5 Crossover: "Embark on a focused, swift, logical quest to unravel mysteries and ensure the correct answer, harnessing curiosity, precision, and systematic exploration to traverse the problem landscape" | Fitness: 0.4857142857142857
26-03 12:44:00 | Generation 5 Mutation: "Embark on a rapid, logical journey to uncover truths, fueled by curiosity, precision, and systematic exploration to traverse the problem landscape" | Fitness: 0.45714285714285713
26-03 12:44:00 | Generation 5 Mutation: "Embark on a voyage of enlightenment, nurturing curiosity and tenacity, while employing analytical prowess to unveil the mysteries of wisdom" | Fitness: 0.45714285714285713
26-03 12:44:00 | Generation 5: Best prompt: "Embark on a swift, logical quest to unravel mysteries, harnessing curiosity, precision, and systematic exploration to traverse the problem landscape" | Fitness 0.5428571428571428
26-03 12:47:07 | Generation 6 Crossover: "Breathe deeply and work through this problem step by step, ensuring we arrive at the correct answer" | Fitness: 0.5142857142857142
26-03 12:52:10 | Generation 6 Mutation: "Inhale deeply, strategize, and swiftly navigate through this problem, ensuring we reach the correct answer with clarity and efficiency" | Fitness: 0.4
26-03 12:52:10 | Generation 6 Mutation: "Let's commence by collecting pertinent data and establishing a strategy. Subsequently, let's address the query in a step-by-step manner, ensuring commonsense and logical consistency, while also incorporating systematic exploration to traverse the problem terrain" | Fitness: 0.3142857142857143
26-03 12:52:10 | Generation 6: Best prompt: "Embark on a swift, logical quest to unravel mysteries, harnessing curiosity, precision, and systematic exploration to traverse the problem landscape" | Fitness 0.5428571428571428
26-03 12:55:29 | Generation 7 Crossover: "As we dive in, let's think step by step to tackle this challenge" | Fitness: 0.42857142857142855
26-03 12:58:29 | Generation 7 Mutation: "Fostering a spirit of inquiry and resilience, let's approach this methodically, breaking it into smaller tasks and encouraging continuous learning from setbacks, in order to enhance our problem-solving skills and adaptability" | Fitness: 0.45714285714285713
26-03 12:58:29 | Generation 7: Best prompt: "Embark on a swift, logical quest to unravel mysteries, harnessing curiosity, precision, and systematic exploration to traverse the problem landscape" | Fitness 0.5428571428571428
26-03 12:58:29 | Converged at generation 7 with best prompt: "Embark on a swift, logical quest to unravel mysteries, harnessing curiosity, precision, and systematic exploration to traverse the problem landscape" | Fitness 0.5428571428571428
26-03 12:58:29 | The final population is: ["Let's think step by step", "Let's devise a plan and solve the problem step by step", "Let's first prepare relevant information and make a plan. Then, let's answer the question step by step (pay attention to commonsense and logical coherence)", "Let's work this out in a step by step way to be sure we have the right answer", 'Take a deep breath and work on this problem step-by-step', 'Analyze this step by step', 'Start by dissecting the problem into its components, then address each part methodically', "Let's approach this methodically, breaking it into smaller tasks", 'Dissect the problem carefully, address each part', "Let's dive in and solve this challenge step by step", 'Approach the problem with a keen eye for detail and methodical precision', 'Embark on a quest for understanding, traversing the problem landscape with curiosity and logic', 'Your attention to detail here would mean everything', "Please, let's focus and ensure we get the correct answer", 'Ensure that you read the question carefully and understand the problem before attempting to solve it', "Let's analyze the problem step by step and devise a plan accordingly", 'In order to solve a problem effectively, one must first carefully read and understand the question, then break it down into smaller parts, and address each part methodically, ensuring a comprehensive comprehension of the problem before attempting to find a solution', 'Embark on a quest for understanding, traversing the problem landscape with curiosity, keen eye for detail, and methodical precision, while employing logic to guide your path', 'Embark on a swift, logical quest to unravel mysteries, harnessing curiosity, precision, and systematic exploration to traverse the problem landscape', 'Working on this problem step-by-step ensures a thorough understanding of the details', "Let's devise a step-by-step plan to carefully dissect the problem and address each part", 'Embark on a quest for understanding: Focus on the logical steps to ensure we get the correct answer', 'Embark on a swift, logical quest to unravel mysteries, traversing the problem landscape with curiosity, precision, and systematic exploration', 'Embark on a quest for understanding, fostering a spirit of inquiry and resilience, while employing analytical skills to illuminate the intricacies of wisdom', 'Embark on a focused, swift, logical quest to unravel mysteries and ensure the correct answer, harnessing curiosity, precision, and systematic exploration to traverse the problem landscape', 'Embark on a rapid, logical journey to uncover truths, fueled by curiosity, precision, and systematic exploration to traverse the problem landscape', 'Embark on a voyage of enlightenment, nurturing curiosity and tenacity, while employing analytical prowess to unveil the mysteries of wisdom', 'Breathe deeply and work through this problem step by step, ensuring we arrive at the correct answer', 'Inhale deeply, strategize, and swiftly navigate through this problem, ensuring we reach the correct answer with clarity and efficiency', "Let's commence by collecting pertinent data and establishing a strategy. Subsequently, let's address the query in a step-by-step manner, ensuring commonsense and logical consistency, while also incorporating systematic exploration to traverse the problem terrain", "As we dive in, let's think step by step to tackle this challenge", "Fostering a spirit of inquiry and resilience, let's approach this methodically, breaking it into smaller tasks and encouraging continuous learning from setbacks, in order to enhance our problem-solving skills and adaptability"]
