26-03 13:39:58 | Arguments: Namespace(task='sports_und', use_icl_examples=False, num_icl_examples=1, num_of_samples=35, iterations=20, number_of_mutations=1, seed=0, mutate_population=True, patience=5)
26-03 13:39:58 | Evaluation of the initial population
26-03 14:15:22 | Population: Let's think step by step with fitness 0.2571428571428571
26-03 14:15:22 | Population: Let's devise a plan and solve the problem step by step with fitness 0.34285714285714286
26-03 14:15:22 | Population: Let's first prepare relevant information and make a plan. Then, let's answer the question step by step (pay attention to commonsense and logical coherence) with fitness 0.2571428571428571
26-03 14:15:22 | Population: Let's work this out in a step by step way to be sure we have the right answer with fitness 0.3142857142857143
26-03 14:15:22 | Population: Take a deep breath and work on this problem step-by-step with fitness 0.37142857142857144
26-03 14:15:22 | Population: Analyze this step by step with fitness 0.17142857142857143
26-03 14:15:22 | Population: Start by dissecting the problem into its components, then address each part methodically with fitness 0.2857142857142857
26-03 14:15:22 | Population: Let's approach this methodically, breaking it into smaller tasks with fitness 0.34285714285714286
26-03 14:15:22 | Population: Dissect the problem carefully, address each part with fitness 0.2857142857142857
26-03 14:15:22 | Population: Let's dive in and solve this challenge step by step with fitness 0.2857142857142857
26-03 14:15:22 | Population: Approach the problem with a keen eye for detail and methodical precision with fitness 0.3142857142857143
26-03 14:15:22 | Population: Embark on a quest for understanding, traversing the problem landscape with curiosity and logic with fitness 0.37142857142857144
26-03 14:15:22 | Population: Your attention to detail here would mean everything with fitness 0.34285714285714286
26-03 14:15:22 | Population: Please, let's focus and ensure we get the correct answer with fitness 0.34285714285714286
26-03 14:15:22 | Population: Ensure that you read the question carefully and understand the problem before attempting to solve it with fitness 0.3142857142857143
26-03 14:15:22 | Genetic Algorithms starts
26-03 14:19:35 | Generation 1 Crossover: "Dissect the problem carefully, address each part, and let's work this out in a step by step way to be sure we have the right answer" | Fitness: 0.2857142857142857
26-03 14:25:16 | Generation 1 Mutation: "Approach the problem with patience, examine each component, and let's collaborate to discover the solution in a step-by-step manner, ensuring we reach the accurate outcome" | Fitness: 0.34285714285714286
26-03 14:25:16 | Generation 1 Mutation: "Let's focus and ensure we get the correct answer; take a deep breath and work on this problem step-by-step; embark on a quest for understanding; dissect the problem carefully, address each part" | Fitness: 0.37142857142857144
26-03 14:25:16 | Generation 1: Best prompt: "Take a deep breath and work on this problem step-by-step" | Fitness 0.37142857142857144
26-03 14:28:24 | Generation 2 Crossover: "Let's dive into the challenge and analyze it step by step" | Fitness: 0.34285714285714286
26-03 14:33:23 | Generation 2 Mutation: "Approach the challenge with enthusiasm and a step-by-step plan" | Fitness: 0.2571428571428571
26-03 14:33:23 | Generation 2 Mutation: "Embark on a quest for understanding by traversing the problem landscape with curiosity and logic; let's focus and ensure we get the correct answer. Take a deep breath and work on this problem step-by-step; dissect the problem carefully. Let's work this out in a step by step way to be sure we have the right answer" | Fitness: 0.2857142857142857
26-03 14:33:23 | Generation 2: Best prompt: "Take a deep breath and work on this problem step-by-step" | Fitness 0.37142857142857144
26-03 14:36:20 | Generation 3 Crossover: "Let's approach this methodically, breaking it into smaller tasks and taking a deep breath to work on this problem step-by-step" | Fitness: 0.2857142857142857
26-03 14:41:48 | Generation 3 Mutation: "Let's divide the problem into smaller, manageable tasks and pause for a moment to collect our thoughts before proceeding with a step-by-step approach" | Fitness: 0.2571428571428571
26-03 14:41:48 | Generation 3 Mutation: "Rapidly comprehend the query and devise a tactical plan to tackle it" | Fitness: 0.37142857142857144
26-03 14:41:48 | Generation 3: Best prompt: "Take a deep breath and work on this problem step-by-step" | Fitness 0.37142857142857144
26-03 14:45:35 | Generation 4 Crossover: "Analyze the problem patiently, examine each component, and let's collaborate to discover the solution step-by-step, ensuring accuracy" | Fitness: 0.2571428571428571
26-03 14:47:59 | Generation 4 Mutation: "Traversing the problem landscape with curiosity and logic, let's embark on a journey to unravel the intricacies of the problem and solve it methodically" | Fitness: 0.2857142857142857
26-03 14:47:59 | Generation 4: Best prompt: "Take a deep breath and work on this problem step-by-step" | Fitness 0.37142857142857144
26-03 14:51:18 | Generation 5 Crossover: "Embark on a quest for understanding, take a deep breath, and dive in to tackle this challenge step by step; dissect the problem thoroughly, and address each aspect diligently" | Fitness: 0.2571428571428571
26-03 14:53:34 | Generation 5 Mutation: "Expedite the comprehension of the inquiry and conceive a tactical blueprint to confront it" | Fitness: 0.37142857142857144
26-03 14:53:34 | Generation 5: Best prompt: "Take a deep breath and work on this problem step-by-step" | Fitness 0.37142857142857144
26-03 14:56:31 | Generation 6 Crossover: "Let's focus and ensure we get the correct answer; take a deep breath and work on this problem step-by-step; embark on a quest for understanding; dissect the problem carefully, address each part; please ensure we collaborate effectively" | Fitness: 0.3142857142857143
26-03 14:58:34 | Generation 6 Mutation: "Mastering logical reasoning and problem-solving techniques is essential for achieving excellence in various pursuits" | Fitness: 0.2
26-03 14:58:34 | Generation 6: Best prompt: "Take a deep breath and work on this problem step-by-step" | Fitness 0.37142857142857144
26-03 14:58:34 | Converged at generation 6 with best prompt: "Take a deep breath and work on this problem step-by-step" | Fitness 0.37142857142857144
26-03 14:58:34 | The final population is: ["Let's think step by step", "Let's devise a plan and solve the problem step by step", "Let's first prepare relevant information and make a plan. Then, let's answer the question step by step (pay attention to commonsense and logical coherence)", "Let's work this out in a step by step way to be sure we have the right answer", 'Take a deep breath and work on this problem step-by-step', 'Analyze this step by step', 'Start by dissecting the problem into its components, then address each part methodically', "Let's approach this methodically, breaking it into smaller tasks", 'Dissect the problem carefully, address each part', "Let's dive in and solve this challenge step by step", 'Approach the problem with a keen eye for detail and methodical precision', 'Embark on a quest for understanding, traversing the problem landscape with curiosity and logic', 'Your attention to detail here would mean everything', "Please, let's focus and ensure we get the correct answer", 'Ensure that you read the question carefully and understand the problem before attempting to solve it', "Dissect the problem carefully, address each part, and let's work this out in a step by step way to be sure we have the right answer", "Approach the problem with patience, examine each component, and let's collaborate to discover the solution in a step-by-step manner, ensuring we reach the accurate outcome", "Let's focus and ensure we get the correct answer; take a deep breath and work on this problem step-by-step; embark on a quest for understanding; dissect the problem carefully, address each part", "Let's dive into the challenge and analyze it step by step", 'Approach the challenge with enthusiasm and a step-by-step plan', "Embark on a quest for understanding by traversing the problem landscape with curiosity and logic; let's focus and ensure we get the correct answer. Take a deep breath and work on this problem step-by-step; dissect the problem carefully. Let's work this out in a step by step way to be sure we have the right answer", "Let's approach this methodically, breaking it into smaller tasks and taking a deep breath to work on this problem step-by-step", "Let's divide the problem into smaller, manageable tasks and pause for a moment to collect our thoughts before proceeding with a step-by-step approach", 'Rapidly comprehend the query and devise a tactical plan to tackle it', "Analyze the problem patiently, examine each component, and let's collaborate to discover the solution step-by-step, ensuring accuracy", "Traversing the problem landscape with curiosity and logic, let's embark on a journey to unravel the intricacies of the problem and solve it methodically", 'Embark on a quest for understanding, take a deep breath, and dive in to tackle this challenge step by step; dissect the problem thoroughly, and address each aspect diligently', 'Expedite the comprehension of the inquiry and conceive a tactical blueprint to confront it', "Let's focus and ensure we get the correct answer; take a deep breath and work on this problem step-by-step; embark on a quest for understanding; dissect the problem carefully, address each part; please ensure we collaborate effectively", 'Mastering logical reasoning and problem-solving techniques is essential for achieving excellence in various pursuits']
